{"/home/travis/build/npmtest/node-npmtest-node-pre-gyp/test.js":{"path":"/home/travis/build/npmtest/node-npmtest-node-pre-gyp/test.js","s":{"1":2,"2":2,"3":2,"4":2,"5":2,"6":2,"7":2,"8":1,"9":2,"10":2,"11":1,"12":1,"13":1,"14":1,"15":2,"16":2,"17":2,"18":2,"19":1,"20":1,"21":2,"22":2,"23":2,"24":1,"25":1,"26":1,"27":1,"28":1,"29":1,"30":1,"31":1,"32":1,"33":1,"34":1,"35":1,"36":1,"37":1,"38":1,"39":2,"40":2,"41":1,"42":2,"43":2,"44":1,"45":2,"46":2,"47":1,"48":2,"49":2,"50":1,"51":1,"52":1,"53":1,"54":1},"b":{"1":[2,1,1,1],"2":[1,1,1,1],"3":[1,1],"4":[1,1],"5":[1,1],"6":[1,1],"7":[1,1],"8":[1,1],"9":[1,1],"10":[1,1,1],"11":[1,1],"12":[1,1],"13":[1,1],"14":[1,1],"15":[1,1],"16":[1,1],"17":[1,1]},"f":{"1":2,"2":2,"3":2,"4":2,"5":2,"6":1,"7":1,"8":1,"9":2,"10":2,"11":2,"12":2,"13":1},"fnMap":{"1":{"name":"(anonymous_1)","line":12,"loc":{"start":{"line":12,"column":1},"end":{"line":12,"column":13}}},"2":{"name":"(anonymous_2)","line":19,"loc":{"start":{"line":19,"column":5},"end":{"line":19,"column":17}}},"3":{"name":"(anonymous_3)","line":23,"loc":{"start":{"line":23,"column":24},"end":{"line":23,"column":36}}},"4":{"name":"(anonymous_4)","line":61,"loc":{"start":{"line":61,"column":5},"end":{"line":61,"column":17}}},"5":{"name":"(anonymous_5)","line":82,"loc":{"start":{"line":82,"column":5},"end":{"line":82,"column":17}}},"6":{"name":"(anonymous_6)","line":91,"loc":{"start":{"line":91,"column":77},"end":{"line":94,"column":10}}},"7":{"name":"(anonymous_7)","line":112,"loc":{"start":{"line":112,"column":83},"end":{"line":115,"column":10}},"skip":true},"8":{"name":"(anonymous_8)","line":123,"loc":{"start":{"line":123,"column":77},"end":{"line":126,"column":10}},"skip":true},"9":{"name":"(anonymous_9)","line":139,"loc":{"start":{"line":139,"column":12},"end":{"line":139,"column":40}},"skip":true},"10":{"name":"(anonymous_10)","line":147,"loc":{"start":{"line":147,"column":77},"end":{"line":150,"column":10}},"skip":true},"11":{"name":"(anonymous_11)","line":158,"loc":{"start":{"line":158,"column":83},"end":{"line":161,"column":10}},"skip":true},"12":{"name":"(anonymous_12)","line":169,"loc":{"start":{"line":169,"column":79},"end":{"line":172,"column":10}},"skip":true},"13":{"name":"(anonymous_13)","line":180,"loc":{"start":{"line":180,"column":75},"end":{"line":183,"column":10}},"skip":true}},"statementMap":{"1":{"start":{"line":12,"column":0},"end":{"line":195,"column":5}},"2":{"start":{"line":14,"column":4},"end":{"line":14,"column":14}},"3":{"start":{"line":19,"column":4},"end":{"line":56,"column":9}},"4":{"start":{"line":21,"column":8},"end":{"line":21,"column":19}},"5":{"start":{"line":23,"column":8},"end":{"line":35,"column":13}},"6":{"start":{"line":24,"column":12},"end":{"line":34,"column":13}},"7":{"start":{"line":25,"column":16},"end":{"line":28,"column":30}},"8":{"start":{"line":30,"column":16},"end":{"line":33,"column":27}},"9":{"start":{"line":37,"column":8},"end":{"line":39,"column":21}},"10":{"start":{"line":40,"column":8},"end":{"line":53,"column":9}},"11":{"start":{"line":43,"column":12},"end":{"line":46,"column":14}},"12":{"start":{"line":47,"column":12},"end":{"line":47,"column":18}},"13":{"start":{"line":50,"column":12},"end":{"line":51,"column":46}},"14":{"start":{"line":52,"column":12},"end":{"line":52,"column":18}},"15":{"start":{"line":55,"column":8},"end":{"line":55,"column":35}},"16":{"start":{"line":61,"column":4},"end":{"line":63,"column":9}},"17":{"start":{"line":62,"column":8},"end":{"line":62,"column":15}},"18":{"start":{"line":64,"column":4},"end":{"line":77,"column":5}},"19":{"start":{"line":70,"column":8},"end":{"line":70,"column":14}},"20":{"start":{"line":76,"column":8},"end":{"line":76,"column":14}},"21":{"start":{"line":82,"column":4},"end":{"line":84,"column":9}},"22":{"start":{"line":83,"column":8},"end":{"line":83,"column":15}},"23":{"start":{"line":85,"column":4},"end":{"line":194,"column":5}},"24":{"start":{"line":91,"column":8},"end":{"line":99,"column":10}},"25":{"start":{"line":98,"column":12},"end":{"line":98,"column":35}},"26":{"start":{"line":102,"column":8},"end":{"line":104,"column":63}},"27":{"start":{"line":105,"column":8},"end":{"line":105,"column":14}},"28":{"start":{"line":112,"column":8},"end":{"line":121,"column":10},"skip":true},"29":{"start":{"line":119,"column":12},"end":{"line":119,"column":55},"skip":true},"30":{"start":{"line":120,"column":12},"end":{"line":120,"column":48},"skip":true},"31":{"start":{"line":123,"column":8},"end":{"line":136,"column":10},"skip":true},"32":{"start":{"line":130,"column":12},"end":{"line":130,"column":76},"skip":true},"33":{"start":{"line":131,"column":12},"end":{"line":131,"column":73},"skip":true},"34":{"start":{"line":132,"column":12},"end":{"line":132,"column":74},"skip":true},"35":{"start":{"line":133,"column":12},"end":{"line":133,"column":79},"skip":true},"36":{"start":{"line":134,"column":12},"end":{"line":134,"column":25},"skip":true},"37":{"start":{"line":135,"column":12},"end":{"line":135,"column":45},"skip":true},"38":{"start":{"line":138,"column":8},"end":{"line":145,"column":14},"skip":true},"39":{"start":{"line":143,"column":16},"end":{"line":143,"column":29},"skip":true},"40":{"start":{"line":144,"column":16},"end":{"line":144,"column":55},"skip":true},"41":{"start":{"line":147,"column":8},"end":{"line":156,"column":10},"skip":true},"42":{"start":{"line":154,"column":12},"end":{"line":154,"column":25},"skip":true},"43":{"start":{"line":155,"column":12},"end":{"line":155,"column":45},"skip":true},"44":{"start":{"line":158,"column":8},"end":{"line":167,"column":10},"skip":true},"45":{"start":{"line":165,"column":12},"end":{"line":165,"column":25},"skip":true},"46":{"start":{"line":166,"column":12},"end":{"line":166,"column":48},"skip":true},"47":{"start":{"line":169,"column":8},"end":{"line":178,"column":10},"skip":true},"48":{"start":{"line":176,"column":12},"end":{"line":176,"column":25},"skip":true},"49":{"start":{"line":177,"column":12},"end":{"line":177,"column":46},"skip":true},"50":{"start":{"line":180,"column":8},"end":{"line":189,"column":10},"skip":true},"51":{"start":{"line":187,"column":12},"end":{"line":187,"column":94},"skip":true},"52":{"start":{"line":188,"column":12},"end":{"line":188,"column":48},"skip":true},"53":{"start":{"line":192,"column":8},"end":{"line":192,"column":35},"skip":true},"54":{"start":{"line":193,"column":8},"end":{"line":193,"column":14},"skip":true}},"branchMap":{"1":{"line":25,"type":"binary-expr","locations":[{"start":{"line":25,"column":23},"end":{"line":25,"column":62}},{"start":{"line":26,"column":20},"end":{"line":26,"column":70}},{"start":{"line":27,"column":20},"end":{"line":27,"column":71}},{"start":{"line":28,"column":20},"end":{"line":28,"column":29}}]},"2":{"line":30,"type":"binary-expr","locations":[{"start":{"line":30,"column":23},"end":{"line":30,"column":37}},{"start":{"line":31,"column":20},"end":{"line":31,"column":61}},{"start":{"line":32,"column":20},"end":{"line":32,"column":70}},{"start":{"line":33,"column":20},"end":{"line":33,"column":26}}]},"3":{"line":37,"type":"cond-expr","locations":[{"start":{"line":38,"column":14},"end":{"line":38,"column":20}},{"start":{"line":39,"column":14},"end":{"line":39,"column":20}}]},"4":{"line":40,"type":"switch","locations":[{"start":{"line":42,"column":8},"end":{"line":47,"column":18}},{"start":{"line":49,"column":8},"end":{"line":52,"column":18}}]},"5":{"line":44,"type":"binary-expr","locations":[{"start":{"line":44,"column":16},"end":{"line":44,"column":44}},{"start":{"line":44,"column":48},"end":{"line":44,"column":66}}]},"6":{"line":50,"type":"binary-expr","locations":[{"start":{"line":50,"column":21},"end":{"line":50,"column":49}},{"start":{"line":50,"column":53},"end":{"line":50,"column":72}}]},"7":{"line":64,"type":"switch","locations":[{"start":{"line":69,"column":4},"end":{"line":70,"column":14}},{"start":{"line":75,"column":4},"end":{"line":76,"column":14}}]},"8":{"line":85,"type":"switch","locations":[{"start":{"line":90,"column":4},"end":{"line":105,"column":14}},{"start":{"line":111,"column":4},"end":{"line":193,"column":14},"skip":true}]},"9":{"line":91,"type":"binary-expr","locations":[{"start":{"line":91,"column":42},"end":{"line":91,"column":73}},{"start":{"line":91,"column":77},"end":{"line":99,"column":9}}]},"10":{"line":102,"type":"binary-expr","locations":[{"start":{"line":102,"column":18},"end":{"line":102,"column":32}},{"start":{"line":103,"column":12},"end":{"line":103,"column":53}},{"start":{"line":104,"column":12},"end":{"line":104,"column":61}}]},"11":{"line":112,"type":"binary-expr","locations":[{"start":{"line":112,"column":45},"end":{"line":112,"column":79},"skip":true},{"start":{"line":112,"column":83},"end":{"line":121,"column":9},"skip":true}]},"12":{"line":123,"type":"binary-expr","locations":[{"start":{"line":123,"column":42},"end":{"line":123,"column":73},"skip":true},{"start":{"line":123,"column":77},"end":{"line":136,"column":9},"skip":true}]},"13":{"line":138,"type":"binary-expr","locations":[{"start":{"line":138,"column":48},"end":{"line":138,"column":85},"skip":true},{"start":{"line":139,"column":12},"end":{"line":145,"column":13},"skip":true}]},"14":{"line":147,"type":"binary-expr","locations":[{"start":{"line":147,"column":42},"end":{"line":147,"column":73},"skip":true},{"start":{"line":147,"column":77},"end":{"line":156,"column":9},"skip":true}]},"15":{"line":158,"type":"binary-expr","locations":[{"start":{"line":158,"column":45},"end":{"line":158,"column":79},"skip":true},{"start":{"line":158,"column":83},"end":{"line":167,"column":9},"skip":true}]},"16":{"line":169,"type":"binary-expr","locations":[{"start":{"line":169,"column":43},"end":{"line":169,"column":75},"skip":true},{"start":{"line":169,"column":79},"end":{"line":178,"column":9},"skip":true}]},"17":{"line":180,"type":"binary-expr","locations":[{"start":{"line":180,"column":41},"end":{"line":180,"column":71},"skip":true},{"start":{"line":180,"column":75},"end":{"line":189,"column":9},"skip":true}]}},"code":["/* istanbul instrument in package npmtest_node_pre_gyp */","/*jslint","    bitwise: true,","    browser: true,","    maxerr: 8,","    maxlen: 96,","    node: true,","    nomen: true,","    regexp: true,","    stupid: true","*/","(function () {","    'use strict';","    var local;","","","","    // run shared js-env code - pre-init","    (function () {","        // init local","        local = {};","        // init modeJs","        local.modeJs = (function () {","            try {","                return typeof navigator.userAgent === 'string' &&","                    typeof document.querySelector('body') === 'object' &&","                    typeof XMLHttpRequest.prototype.open === 'function' &&","                    'browser';","            } catch (errorCaughtBrowser) {","                return module.exports &&","                    typeof process.versions.node === 'string' &&","                    typeof require('http').createServer === 'function' &&","                    'node';","            }","        }());","        // init global","        local.global = local.modeJs === 'browser'","            ? window","            : global;","        switch (local.modeJs) {","        // re-init local from window.local","        case 'browser':","            local = local.global.utility2.objectSetDefault(","                local.global.utility2_rollup || local.global.local,","                local.global.utility2","            );","            break;","        // re-init local from example.js","        case 'node':","            local = (local.global.utility2_rollup || require('utility2'))","                .requireExampleJsFromReadme();","            break;","        }","        // export local","        local.global.local = local;","    }());","","","","    // run shared js-env code - function","    (function () {","        return;","    }());","    switch (local.modeJs) {","","","","    // run browser js-env code - function","    case 'browser':","        break;","","","","    // run node js-env code - function","    case 'node':","        break;","    }","","","","    // run shared js-env code - post-init","    (function () {","        return;","    }());","    switch (local.modeJs) {","","","","    // run browser js-env code - post-init","    case 'browser':","        local.testCase_browser_nullCase = local.testCase_browser_nullCase || function (","            options,","            onError","        ) {","        /*","         * this function will test browsers's null-case handling-behavior-behavior","         */","            onError(null, options);","        };","","        // run tests","        local.nop(local.modeTest &&","            document.querySelector('#testRunButton1') &&","            document.querySelector('#testRunButton1').click());","        break;","","","","    // run node js-env code - post-init","    /* istanbul ignore next */","    case 'node':","        local.testCase_buildApidoc_default = local.testCase_buildApidoc_default || function (","            options,","            onError","        ) {","        /*","         * this function will test buildApidoc's default handling-behavior-behavior","         */","            options = { modulePathList: module.paths };","            local.buildApidoc(options, onError);","        };","","        local.testCase_buildApp_default = local.testCase_buildApp_default || function (","            options,","            onError","        ) {","        /*","         * this function will test buildApp's default handling-behavior-behavior","         */","            local.testCase_buildReadme_default(options, local.onErrorThrow);","            local.testCase_buildLib_default(options, local.onErrorThrow);","            local.testCase_buildTest_default(options, local.onErrorThrow);","            local.testCase_buildCustomOrg_default(options, local.onErrorThrow);","            options = [];","            local.buildApp(options, onError);","        };","","        local.testCase_buildCustomOrg_default = local.testCase_buildCustomOrg_default ||","            function (options, onError) {","            /*","             * this function will test buildCustomOrg's default handling-behavior","             */","                options = {};","                local.buildCustomOrg(options, onError);","            };","","        local.testCase_buildLib_default = local.testCase_buildLib_default || function (","            options,","            onError","        ) {","        /*","         * this function will test buildLib's default handling-behavior","         */","            options = {};","            local.buildLib(options, onError);","        };","","        local.testCase_buildReadme_default = local.testCase_buildReadme_default || function (","            options,","            onError","        ) {","        /*","         * this function will test buildReadme's default handling-behavior-behavior","         */","            options = {};","            local.buildReadme(options, onError);","        };","","        local.testCase_buildTest_default = local.testCase_buildTest_default || function (","            options,","            onError","        ) {","        /*","         * this function will test buildTest's default handling-behavior","         */","            options = {};","            local.buildTest(options, onError);","        };","","        local.testCase_webpage_default = local.testCase_webpage_default || function (","            options,","            onError","        ) {","        /*","         * this function will test webpage's default handling-behavior","         */","            options = { modeCoverageMerge: true, url: local.serverLocalHost + '?modeTest=1' };","            local.browserTest(options, onError);","        };","","        // run test-server","        local.testRunServer(local);","        break;","    }","}());",""],"l":{"12":2,"14":2,"19":2,"21":2,"23":2,"24":2,"25":2,"30":1,"37":2,"40":2,"43":1,"47":1,"50":1,"52":1,"55":2,"61":2,"62":2,"64":2,"70":1,"76":1,"82":2,"83":2,"85":2,"91":1,"98":1,"102":1,"105":1,"112":1,"119":1,"120":1,"123":1,"130":1,"131":1,"132":1,"133":1,"134":1,"135":1,"138":1,"143":2,"144":2,"147":1,"154":2,"155":2,"158":1,"165":2,"166":2,"169":1,"176":2,"177":2,"180":1,"187":1,"188":1,"192":1,"193":1}},"/home/travis/build/npmtest/node-npmtest-node-pre-gyp/lib.npmtest_node_pre_gyp.js":{"path":"/home/travis/build/npmtest/node-npmtest-node-pre-gyp/lib.npmtest_node_pre_gyp.js","s":{"1":2,"2":2,"3":2,"4":2,"5":2,"6":2,"7":2,"8":1,"9":2,"10":2,"11":2,"12":2,"13":1,"14":1,"15":1,"16":1},"b":{"1":[2,1,1,1],"2":[1,1,1,1],"3":[1,1],"4":[2,2],"5":[1,1]},"f":{"1":2,"2":2,"3":2},"fnMap":{"1":{"name":"(anonymous_1)","line":12,"loc":{"start":{"line":12,"column":1},"end":{"line":12,"column":13}}},"2":{"name":"(anonymous_2)","line":19,"loc":{"start":{"line":19,"column":5},"end":{"line":19,"column":17}}},"3":{"name":"(anonymous_3)","line":23,"loc":{"start":{"line":23,"column":24},"end":{"line":23,"column":36}}}},"statementMap":{"1":{"start":{"line":12,"column":0},"end":{"line":53,"column":5}},"2":{"start":{"line":14,"column":4},"end":{"line":14,"column":14}},"3":{"start":{"line":19,"column":4},"end":{"line":52,"column":9}},"4":{"start":{"line":21,"column":8},"end":{"line":21,"column":19}},"5":{"start":{"line":23,"column":8},"end":{"line":35,"column":13}},"6":{"start":{"line":24,"column":12},"end":{"line":34,"column":13}},"7":{"start":{"line":25,"column":16},"end":{"line":28,"column":30}},"8":{"start":{"line":30,"column":16},"end":{"line":33,"column":27}},"9":{"start":{"line":37,"column":8},"end":{"line":39,"column":21}},"10":{"start":{"line":41,"column":8},"end":{"line":41,"column":54}},"11":{"start":{"line":43,"column":8},"end":{"line":43,"column":57}},"12":{"start":{"line":45,"column":8},"end":{"line":51,"column":9}},"13":{"start":{"line":46,"column":12},"end":{"line":46,"column":63}},"14":{"start":{"line":48,"column":12},"end":{"line":48,"column":35}},"15":{"start":{"line":49,"column":12},"end":{"line":49,"column":49}},"16":{"start":{"line":50,"column":12},"end":{"line":50,"column":43}}},"branchMap":{"1":{"line":25,"type":"binary-expr","locations":[{"start":{"line":25,"column":23},"end":{"line":25,"column":62}},{"start":{"line":26,"column":20},"end":{"line":26,"column":70}},{"start":{"line":27,"column":20},"end":{"line":27,"column":71}},{"start":{"line":28,"column":20},"end":{"line":28,"column":29}}]},"2":{"line":30,"type":"binary-expr","locations":[{"start":{"line":30,"column":23},"end":{"line":30,"column":37}},{"start":{"line":31,"column":20},"end":{"line":31,"column":61}},{"start":{"line":32,"column":20},"end":{"line":32,"column":70}},{"start":{"line":33,"column":20},"end":{"line":33,"column":26}}]},"3":{"line":37,"type":"cond-expr","locations":[{"start":{"line":38,"column":14},"end":{"line":38,"column":20}},{"start":{"line":39,"column":14},"end":{"line":39,"column":20}}]},"4":{"line":41,"type":"binary-expr","locations":[{"start":{"line":41,"column":16},"end":{"line":41,"column":44}},{"start":{"line":41,"column":48},"end":{"line":41,"column":53}}]},"5":{"line":45,"type":"if","locations":[{"start":{"line":45,"column":8},"end":{"line":45,"column":8}},{"start":{"line":45,"column":8},"end":{"line":45,"column":8}}]}},"code":["/* istanbul instrument in package npmtest_node_pre_gyp */","/*jslint","    bitwise: true,","    browser: true,","    maxerr: 8,","    maxlen: 96,","    node: true,","    nomen: true,","    regexp: true,","    stupid: true","*/","(function () {","    'use strict';","    var local;","","","","    // run shared js-env code - pre-init","    (function () {","        // init local","        local = {};","        // init modeJs","        local.modeJs = (function () {","            try {","                return typeof navigator.userAgent === 'string' &&","                    typeof document.querySelector('body') === 'object' &&","                    typeof XMLHttpRequest.prototype.open === 'function' &&","                    'browser';","            } catch (errorCaughtBrowser) {","                return module.exports &&","                    typeof process.versions.node === 'string' &&","                    typeof require('http').createServer === 'function' &&","                    'node';","            }","        }());","        // init global","        local.global = local.modeJs === 'browser'","            ? window","            : global;","        // init utility2_rollup","        local = local.global.utility2_rollup || local;","        // init lib","        local.local = local.npmtest_node_pre_gyp = local;","        // init exports","        if (local.modeJs === 'browser') {","            local.global.utility2_npmtest_node_pre_gyp = local;","        } else {","            module.exports = local;","            module.exports.__dirname = __dirname;","            module.exports.module = module;","        }","    }());","}());",""],"l":{"12":2,"14":2,"19":2,"21":2,"23":2,"24":2,"25":2,"30":1,"37":2,"41":2,"43":2,"45":2,"46":1,"48":1,"49":1,"50":1}},"/home/travis/build/npmtest/node-npmtest-node-pre-gyp/example.js":{"path":"/home/travis/build/npmtest/node-npmtest-node-pre-gyp/example.js","s":{"1":2,"2":2,"3":2,"4":2,"5":2,"6":2,"7":2,"8":1,"9":2,"10":2,"11":2,"12":2,"13":1,"14":2,"15":2,"16":2,"17":2,"18":2,"19":0,"20":2,"21":1,"22":1,"23":1,"24":1,"25":1,"26":0,"27":0,"28":1,"29":1,"30":2,"31":0,"32":0,"33":0,"34":1,"35":2,"36":2,"37":3,"38":3,"39":3,"40":3,"41":0,"42":3,"43":3,"44":3,"45":1,"46":3,"47":1,"48":1,"49":1,"50":1,"51":1,"52":1,"53":1,"54":1,"55":1,"56":1,"57":0,"58":1,"59":6,"60":6,"61":1,"62":2,"63":0,"64":2,"65":1,"66":1,"67":0,"68":0,"69":0,"70":0,"71":0,"72":0,"73":0,"74":0,"75":0,"76":0,"77":0,"78":0,"79":0,"80":0,"81":0,"82":0,"83":0},"b":{"1":[2,1,1,1],"2":[1,1,1,1],"3":[1,1],"4":[2,2],"5":[1,1],"6":[1,1],"7":[2,0],"8":[2,1,1,1,1,1],"9":[0,2,0],"10":[1,1],"11":[2,1,1],"12":[1,0],"13":[0,2],"14":[2,0,0,0,0,0,0],"15":[0,3],"16":[3,0],"17":[1,1],"18":[0,1],"19":[1,2,0,2],"20":[1,0],"21":[1,1],"22":[0,0],"23":[0,0],"24":[0,0],"25":[0,0],"26":[0,0],"27":[0,0],"28":[0,0]},"f":{"1":2,"2":2,"3":2,"4":2,"5":2,"6":2,"7":3,"8":3,"9":3,"10":1,"11":6,"12":0},"fnMap":{"1":{"name":"(anonymous_1)","line":26,"loc":{"start":{"line":26,"column":1},"end":{"line":26,"column":13}}},"2":{"name":"(anonymous_2)","line":33,"loc":{"start":{"line":33,"column":5},"end":{"line":33,"column":17}}},"3":{"name":"(anonymous_3)","line":37,"loc":{"start":{"line":37,"column":24},"end":{"line":37,"column":36}}},"4":{"name":"(anonymous_4)","line":69,"loc":{"start":{"line":69,"column":31},"end":{"line":69,"column":48}},"skip":true},"5":{"name":"(anonymous_5)","line":78,"loc":{"start":{"line":78,"column":26},"end":{"line":78,"column":45}},"skip":true},"6":{"name":"(anonymous_6)","line":123,"loc":{"start":{"line":123,"column":33},"end":{"line":123,"column":48}},"skip":true},"7":{"name":"(anonymous_7)","line":125,"loc":{"start":{"line":125,"column":27},"end":{"line":125,"column":39}},"skip":true},"8":{"name":"(anonymous_8)","line":133,"loc":{"start":{"line":133,"column":59},"end":{"line":133,"column":74}},"skip":true},"9":{"name":"(anonymous_9)","line":143,"loc":{"start":{"line":143,"column":45},"end":{"line":143,"column":62}},"skip":true},"10":{"name":"(anonymous_10)","line":144,"loc":{"start":{"line":144,"column":73},"end":{"line":144,"column":92}},"skip":true},"11":{"name":"(anonymous_11)","line":272,"loc":{"start":{"line":272,"column":51},"end":{"line":272,"column":77}},"skip":true},"12":{"name":"(anonymous_12)","line":315,"loc":{"start":{"line":315,"column":32},"end":{"line":315,"column":61}},"skip":true}},"statementMap":{"1":{"start":{"line":26,"column":0},"end":{"line":326,"column":5}},"2":{"start":{"line":28,"column":4},"end":{"line":28,"column":14}},"3":{"start":{"line":33,"column":4},"end":{"line":60,"column":9}},"4":{"start":{"line":35,"column":8},"end":{"line":35,"column":19}},"5":{"start":{"line":37,"column":8},"end":{"line":49,"column":13}},"6":{"start":{"line":38,"column":12},"end":{"line":48,"column":13}},"7":{"start":{"line":39,"column":16},"end":{"line":42,"column":30}},"8":{"start":{"line":44,"column":16},"end":{"line":47,"column":27}},"9":{"start":{"line":51,"column":8},"end":{"line":53,"column":21}},"10":{"start":{"line":55,"column":8},"end":{"line":57,"column":45}},"11":{"start":{"line":59,"column":8},"end":{"line":59,"column":35}},"12":{"start":{"line":61,"column":4},"end":{"line":325,"column":5}},"13":{"start":{"line":69,"column":8},"end":{"line":121,"column":10},"skip":true},"14":{"start":{"line":70,"column":12},"end":{"line":88,"column":13},"skip":true},"15":{"start":{"line":76,"column":16},"end":{"line":87,"column":19},"skip":true},"16":{"start":{"line":79,"column":20},"end":{"line":86,"column":21},"skip":true},"17":{"start":{"line":82,"column":24},"end":{"line":82,"column":43},"skip":true},"18":{"start":{"line":83,"column":24},"end":{"line":83,"column":30},"skip":true},"19":{"start":{"line":85,"column":24},"end":{"line":85,"column":49},"skip":true},"20":{"start":{"line":89,"column":12},"end":{"line":107,"column":13},"skip":true},"21":{"start":{"line":92,"column":16},"end":{"line":102,"column":17},"skip":true},"22":{"start":{"line":93,"column":20},"end":{"line":93,"column":86},"skip":true},"23":{"start":{"line":94,"column":20},"end":{"line":95,"column":45},"skip":true},"24":{"start":{"line":96,"column":20},"end":{"line":96,"column":42},"skip":true},"25":{"start":{"line":97,"column":20},"end":{"line":97,"column":48},"skip":true},"26":{"start":{"line":100,"column":20},"end":{"line":100,"column":85},"skip":true},"27":{"start":{"line":101,"column":20},"end":{"line":101,"column":96},"skip":true},"28":{"start":{"line":103,"column":16},"end":{"line":103,"column":22},"skip":true},"29":{"start":{"line":106,"column":16},"end":{"line":106,"column":22},"skip":true},"30":{"start":{"line":108,"column":12},"end":{"line":120,"column":13},"skip":true},"31":{"start":{"line":114,"column":16},"end":{"line":119,"column":17},"skip":true},"32":{"start":{"line":116,"column":20},"end":{"line":116,"column":78},"skip":true},"33":{"start":{"line":118,"column":20},"end":{"line":118,"column":47},"skip":true},"34":{"start":{"line":123,"column":8},"end":{"line":141,"column":11},"skip":true},"35":{"start":{"line":124,"column":12},"end":{"line":124,"column":54},"skip":true},"36":{"start":{"line":125,"column":12},"end":{"line":140,"column":14},"skip":true},"37":{"start":{"line":126,"column":16},"end":{"line":126,"column":28},"skip":true},"38":{"start":{"line":127,"column":16},"end":{"line":127,"column":69},"skip":true},"39":{"start":{"line":128,"column":16},"end":{"line":128,"column":75},"skip":true},"40":{"start":{"line":129,"column":16},"end":{"line":131,"column":17},"skip":true},"41":{"start":{"line":130,"column":20},"end":{"line":130,"column":27},"skip":true},"42":{"start":{"line":133,"column":16},"end":{"line":137,"column":36},"skip":true},"43":{"start":{"line":134,"column":20},"end":{"line":136,"column":55},"skip":true},"44":{"start":{"line":139,"column":16},"end":{"line":139,"column":57},"skip":true},"45":{"start":{"line":143,"column":8},"end":{"line":147,"column":11},"skip":true},"46":{"start":{"line":144,"column":12},"end":{"line":146,"column":15},"skip":true},"47":{"start":{"line":145,"column":16},"end":{"line":145,"column":70},"skip":true},"48":{"start":{"line":149,"column":8},"end":{"line":149,"column":31},"skip":true},"49":{"start":{"line":150,"column":8},"end":{"line":150,"column":14},"skip":true},"50":{"start":{"line":158,"column":8},"end":{"line":158,"column":31},"skip":true},"51":{"start":{"line":160,"column":8},"end":{"line":160,"column":33},"skip":true},"52":{"start":{"line":161,"column":8},"end":{"line":161,"column":37},"skip":true},"53":{"start":{"line":162,"column":8},"end":{"line":162,"column":35},"skip":true},"54":{"start":{"line":164,"column":8},"end":{"line":164,"column":50},"skip":true},"55":{"start":{"line":166,"column":8},"end":{"line":256,"column":2},"skip":true},"56":{"start":{"line":258,"column":8},"end":{"line":286,"column":9},"skip":true},"57":{"start":{"line":259,"column":12},"end":{"line":269,"column":14},"skip":true},"58":{"start":{"line":271,"column":12},"end":{"line":285,"column":19},"skip":true},"59":{"start":{"line":274,"column":20},"end":{"line":274,"column":35},"skip":true},"60":{"start":{"line":275,"column":20},"end":{"line":284,"column":21},"skip":true},"61":{"start":{"line":277,"column":24},"end":{"line":277,"column":64},"skip":true},"62":{"start":{"line":279,"column":24},"end":{"line":279,"column":40},"skip":true},"63":{"start":{"line":281,"column":24},"end":{"line":281,"column":40},"skip":true},"64":{"start":{"line":283,"column":24},"end":{"line":283,"column":39},"skip":true},"65":{"start":{"line":288,"column":8},"end":{"line":290,"column":9},"skip":true},"66":{"start":{"line":289,"column":12},"end":{"line":289,"column":18},"skip":true},"67":{"start":{"line":291,"column":8},"end":{"line":293,"column":54},"skip":true},"68":{"start":{"line":296,"column":8},"end":{"line":301,"column":37},"skip":true},"69":{"start":{"line":303,"column":8},"end":{"line":303,"column":82},"skip":true},"70":{"start":{"line":306,"column":8},"end":{"line":308,"column":9},"skip":true},"71":{"start":{"line":307,"column":12},"end":{"line":307,"column":82},"skip":true},"72":{"start":{"line":310,"column":8},"end":{"line":312,"column":9},"skip":true},"73":{"start":{"line":311,"column":12},"end":{"line":311,"column":18},"skip":true},"74":{"start":{"line":313,"column":8},"end":{"line":313,"column":54},"skip":true},"75":{"start":{"line":314,"column":8},"end":{"line":314,"column":69},"skip":true},"76":{"start":{"line":315,"column":8},"end":{"line":323,"column":36},"skip":true},"77":{"start":{"line":316,"column":12},"end":{"line":316,"column":61},"skip":true},"78":{"start":{"line":317,"column":12},"end":{"line":320,"column":13},"skip":true},"79":{"start":{"line":318,"column":16},"end":{"line":318,"column":75},"skip":true},"80":{"start":{"line":319,"column":16},"end":{"line":319,"column":23},"skip":true},"81":{"start":{"line":321,"column":12},"end":{"line":321,"column":38},"skip":true},"82":{"start":{"line":322,"column":12},"end":{"line":322,"column":27},"skip":true},"83":{"start":{"line":324,"column":8},"end":{"line":324,"column":14},"skip":true}},"branchMap":{"1":{"line":39,"type":"binary-expr","locations":[{"start":{"line":39,"column":23},"end":{"line":39,"column":62}},{"start":{"line":40,"column":20},"end":{"line":40,"column":70}},{"start":{"line":41,"column":20},"end":{"line":41,"column":71}},{"start":{"line":42,"column":20},"end":{"line":42,"column":29}}]},"2":{"line":44,"type":"binary-expr","locations":[{"start":{"line":44,"column":23},"end":{"line":44,"column":37}},{"start":{"line":45,"column":20},"end":{"line":45,"column":61}},{"start":{"line":46,"column":20},"end":{"line":46,"column":70}},{"start":{"line":47,"column":20},"end":{"line":47,"column":26}}]},"3":{"line":51,"type":"cond-expr","locations":[{"start":{"line":52,"column":14},"end":{"line":52,"column":20}},{"start":{"line":53,"column":14},"end":{"line":53,"column":20}}]},"4":{"line":55,"type":"binary-expr","locations":[{"start":{"line":55,"column":16},"end":{"line":55,"column":44}},{"start":{"line":55,"column":49},"end":{"line":57,"column":43}}]},"5":{"line":55,"type":"cond-expr","locations":[{"start":{"line":56,"column":14},"end":{"line":56,"column":56}},{"start":{"line":57,"column":14},"end":{"line":57,"column":43}}]},"6":{"line":61,"type":"switch","locations":[{"start":{"line":68,"column":4},"end":{"line":150,"column":14},"skip":true},{"start":{"line":156,"column":4},"end":{"line":324,"column":14},"skip":true}]},"7":{"line":70,"type":"if","locations":[{"start":{"line":70,"column":12},"end":{"line":70,"column":12},"skip":true},{"start":{"line":70,"column":12},"end":{"line":70,"column":12},"skip":true}]},"8":{"line":70,"type":"binary-expr","locations":[{"start":{"line":70,"column":16},"end":{"line":70,"column":22},"skip":true},{"start":{"line":70,"column":27},"end":{"line":70,"column":32},"skip":true},{"start":{"line":71,"column":20},"end":{"line":71,"column":39},"skip":true},{"start":{"line":72,"column":20},"end":{"line":72,"column":49},"skip":true},{"start":{"line":73,"column":20},"end":{"line":73,"column":58},"skip":true},{"start":{"line":74,"column":20},"end":{"line":74,"column":69},"skip":true}]},"9":{"line":79,"type":"switch","locations":[{"start":{"line":80,"column":20},"end":{"line":80,"column":33},"skip":true},{"start":{"line":81,"column":20},"end":{"line":83,"column":30},"skip":true},{"start":{"line":84,"column":20},"end":{"line":85,"column":49},"skip":true}]},"10":{"line":89,"type":"switch","locations":[{"start":{"line":90,"column":12},"end":{"line":103,"column":22},"skip":true},{"start":{"line":105,"column":12},"end":{"line":106,"column":22},"skip":true}]},"11":{"line":89,"type":"binary-expr","locations":[{"start":{"line":89,"column":20},"end":{"line":89,"column":25},"skip":true},{"start":{"line":89,"column":29},"end":{"line":89,"column":48},"skip":true},{"start":{"line":89,"column":52},"end":{"line":89,"column":74},"skip":true}]},"12":{"line":92,"type":"if","locations":[{"start":{"line":92,"column":16},"end":{"line":92,"column":16},"skip":true},{"start":{"line":92,"column":16},"end":{"line":92,"column":16},"skip":true}]},"13":{"line":108,"type":"if","locations":[{"start":{"line":108,"column":12},"end":{"line":108,"column":12},"skip":true},{"start":{"line":108,"column":12},"end":{"line":108,"column":12},"skip":true}]},"14":{"line":108,"type":"binary-expr","locations":[{"start":{"line":108,"column":16},"end":{"line":108,"column":61},"skip":true},{"start":{"line":108,"column":66},"end":{"line":108,"column":72},"skip":true},{"start":{"line":108,"column":77},"end":{"line":108,"column":82},"skip":true},{"start":{"line":109,"column":20},"end":{"line":109,"column":39},"skip":true},{"start":{"line":110,"column":20},"end":{"line":110,"column":49},"skip":true},{"start":{"line":111,"column":20},"end":{"line":111,"column":58},"skip":true},{"start":{"line":112,"column":20},"end":{"line":112,"column":68},"skip":true}]},"15":{"line":129,"type":"if","locations":[{"start":{"line":129,"column":16},"end":{"line":129,"column":16},"skip":true},{"start":{"line":129,"column":16},"end":{"line":129,"column":16},"skip":true}]},"16":{"line":134,"type":"cond-expr","locations":[{"start":{"line":135,"column":26},"end":{"line":135,"column":29},"skip":true},{"start":{"line":136,"column":26},"end":{"line":136,"column":54},"skip":true}]},"17":{"line":164,"type":"binary-expr","locations":[{"start":{"line":164,"column":27},"end":{"line":164,"column":43},"skip":true},{"start":{"line":164,"column":47},"end":{"line":164,"column":49},"skip":true}]},"18":{"line":258,"type":"if","locations":[{"start":{"line":258,"column":8},"end":{"line":258,"column":8},"skip":true},{"start":{"line":258,"column":8},"end":{"line":258,"column":8},"skip":true}]},"19":{"line":275,"type":"switch","locations":[{"start":{"line":276,"column":20},"end":{"line":277,"column":64},"skip":true},{"start":{"line":278,"column":20},"end":{"line":279,"column":40},"skip":true},{"start":{"line":280,"column":20},"end":{"line":281,"column":40},"skip":true},{"start":{"line":282,"column":20},"end":{"line":283,"column":39},"skip":true}]},"20":{"line":288,"type":"if","locations":[{"start":{"line":288,"column":8},"end":{"line":288,"column":8},"skip":true},{"start":{"line":288,"column":8},"end":{"line":288,"column":8},"skip":true}]},"21":{"line":288,"type":"binary-expr","locations":[{"start":{"line":288,"column":12},"end":{"line":288,"column":40},"skip":true},{"start":{"line":288,"column":44},"end":{"line":288,"column":67},"skip":true}]},"22":{"line":292,"type":"binary-expr","locations":[{"start":{"line":292,"column":12},"end":{"line":292,"column":50},"skip":true},{"start":{"line":293,"column":12},"end":{"line":293,"column":53},"skip":true}]},"23":{"line":297,"type":"binary-expr","locations":[{"start":{"line":297,"column":12},"end":{"line":297,"column":70},"skip":true},{"start":{"line":298,"column":12},"end":{"line":301,"column":36},"skip":true}]},"24":{"line":303,"type":"binary-expr","locations":[{"start":{"line":303,"column":43},"end":{"line":303,"column":75},"skip":true},{"start":{"line":303,"column":79},"end":{"line":303,"column":81},"skip":true}]},"25":{"line":306,"type":"if","locations":[{"start":{"line":306,"column":8},"end":{"line":306,"column":8},"skip":true},{"start":{"line":306,"column":8},"end":{"line":306,"column":8},"skip":true}]},"26":{"line":310,"type":"if","locations":[{"start":{"line":310,"column":8},"end":{"line":310,"column":8},"skip":true},{"start":{"line":310,"column":8},"end":{"line":310,"column":8},"skip":true}]},"27":{"line":313,"type":"binary-expr","locations":[{"start":{"line":313,"column":27},"end":{"line":313,"column":43},"skip":true},{"start":{"line":313,"column":47},"end":{"line":313,"column":53},"skip":true}]},"28":{"line":317,"type":"if","locations":[{"start":{"line":317,"column":12},"end":{"line":317,"column":12},"skip":true},{"start":{"line":317,"column":12},"end":{"line":317,"column":12},"skip":true}]}},"code":["/*","example.js","","quickstart example","","instruction","    1. save this script as example.js","    2. run the shell command:","        $ npm install npmtest-node-pre-gyp && PORT=8081 node example.js","    3. play with the browser-demo on http://127.0.0.1:8081","*/","","","","/* istanbul instrument in package npmtest_node_pre_gyp */","/*jslint","    bitwise: true,","    browser: true,","    maxerr: 8,","    maxlen: 96,","    node: true,","    nomen: true,","    regexp: true,","    stupid: true","*/","(function () {","    'use strict';","    var local;","","","","    // run shared js-env code - pre-init","    (function () {","        // init local","        local = {};","        // init modeJs","        local.modeJs = (function () {","            try {","                return typeof navigator.userAgent === 'string' &&","                    typeof document.querySelector('body') === 'object' &&","                    typeof XMLHttpRequest.prototype.open === 'function' &&","                    'browser';","            } catch (errorCaughtBrowser) {","                return module.exports &&","                    typeof process.versions.node === 'string' &&","                    typeof require('http').createServer === 'function' &&","                    'node';","            }","        }());","        // init global","        local.global = local.modeJs === 'browser'","            ? window","            : global;","        // init utility2_rollup","        local = local.global.utility2_rollup || (local.modeJs === 'browser'","            ? local.global.utility2_npmtest_node_pre_gyp","            : global.utility2_moduleExports);","        // export local","        local.global.local = local;","    }());","    switch (local.modeJs) {","","","","    // post-init","    // run browser js-env code - post-init","    /* istanbul ignore next */","    case 'browser':","        local.testRunBrowser = function (event) {","            if (!event || (event &&","                    event.currentTarget &&","                    event.currentTarget.className &&","                    event.currentTarget.className.includes &&","                    event.currentTarget.className.includes('onreset'))) {","                // reset output","                Array.from(","                    document.querySelectorAll('body > .resettable')","                ).forEach(function (element) {","                    switch (element.tagName) {","                    case 'INPUT':","                    case 'TEXTAREA':","                        element.value = '';","                        break;","                    default:","                        element.textContent = '';","                    }","                });","            }","            switch (event && event.currentTarget && event.currentTarget.id) {","            case 'testRunButton1':","                // show tests","                if (document.querySelector('#testReportDiv1').style.display === 'none') {","                    document.querySelector('#testReportDiv1').style.display = 'block';","                    document.querySelector('#testRunButton1').textContent =","                        'hide internal test';","                    local.modeTest = true;","                    local.testRunDefault(local);","                // hide tests","                } else {","                    document.querySelector('#testReportDiv1').style.display = 'none';","                    document.querySelector('#testRunButton1').textContent = 'run internal test';","                }","                break;","            // custom-case","            default:","                break;","            }","            if (document.querySelector('#inputTextareaEval1') && (!event || (event &&","                    event.currentTarget &&","                    event.currentTarget.className &&","                    event.currentTarget.className.includes &&","                    event.currentTarget.className.includes('oneval')))) {","                // try to eval input-code","                try {","                    /*jslint evil: true*/","                    eval(document.querySelector('#inputTextareaEval1').value);","                } catch (errorCaught) {","                    console.error(errorCaught);","                }","            }","        };","        // log stderr and stdout to #outputTextareaStdout1","        ['error', 'log'].forEach(function (key) {","            console[key + '_original'] = console[key];","            console[key] = function () {","                var element;","                console[key + '_original'].apply(console, arguments);","                element = document.querySelector('#outputTextareaStdout1');","                if (!element) {","                    return;","                }","                // append text to #outputTextareaStdout1","                element.value += Array.from(arguments).map(function (arg) {","                    return typeof arg === 'string'","                        ? arg","                        : JSON.stringify(arg, null, 4);","                }).join(' ') + '\\n';","                // scroll textarea to bottom","                element.scrollTop = element.scrollHeight;","            };","        });","        // init event-handling","        ['change', 'click', 'keyup'].forEach(function (event) {","            Array.from(document.querySelectorAll('.on' + event)).forEach(function (element) {","                element.addEventListener(event, local.testRunBrowser);","            });","        });","        // run tests","        local.testRunBrowser();","        break;","","","","    // run node js-env code - post-init","    /* istanbul ignore next */","    case 'node':","        // export local","        module.exports = local;","        // require modules","        local.fs = require('fs');","        local.http = require('http');","        local.url = require('url');","        // init assets","        local.assetsDict = local.assetsDict || {};","        /* jslint-ignore-begin */","        local.assetsDict['/assets.index.template.html'] = '\\","<!doctype html>\\n\\","<html lang=\"en\">\\n\\","<head>\\n\\","<meta charset=\"UTF-8\">\\n\\","<meta name=\"viewport\" content=\"width=device-width, initial-scale=1\">\\n\\","<title>{{env.npm_package_name}} (v{{env.npm_package_version}})</title>\\n\\","<style>\\n\\","/*csslint\\n\\","    box-sizing: false,\\n\\","    universal-selector: false\\n\\","*/\\n\\","* {\\n\\","    box-sizing: border-box;\\n\\","}\\n\\","body {\\n\\","    background: #dde;\\n\\","    font-family: Arial, Helvetica, sans-serif;\\n\\","    margin: 2rem;\\n\\","}\\n\\","body > * {\\n\\","    margin-bottom: 1rem;\\n\\","}\\n\\",".utility2FooterDiv {\\n\\","    margin-top: 20px;\\n\\","    text-align: center;\\n\\","}\\n\\","</style>\\n\\","<style>\\n\\","/*csslint\\n\\","*/\\n\\","textarea {\\n\\","    font-family: monospace;\\n\\","    height: 10rem;\\n\\","    width: 100%;\\n\\","}\\n\\","textarea[readonly] {\\n\\","    background: #ddd;\\n\\","}\\n\\","</style>\\n\\","</head>\\n\\","<body>\\n\\","<!-- utility2-comment\\n\\","<div id=\"ajaxProgressDiv1\" style=\"background: #d00; height: 2px; left: 0; margin: 0; padding: 0; position: fixed; top: 0; transition: background 0.5s, width 1.5s; width: 25%;\"></div>\\n\\","utility2-comment -->\\n\\","<h1>\\n\\","<!-- utility2-comment\\n\\","    <a\\n\\","        {{#if env.npm_package_homepage}}\\n\\","        href=\"{{env.npm_package_homepage}}\"\\n\\","        {{/if env.npm_package_homepage}}\\n\\","        target=\"_blank\"\\n\\","    >\\n\\","utility2-comment -->\\n\\","        {{env.npm_package_name}} (v{{env.npm_package_version}})\\n\\","<!-- utility2-comment\\n\\","    </a>\\n\\","utility2-comment -->\\n\\","</h1>\\n\\","<h3>{{env.npm_package_description}}</h3>\\n\\","<!-- utility2-comment\\n\\","<h4><a download href=\"assets.app.js\">download standalone app</a></h4>\\n\\","<button class=\"onclick onreset\" id=\"testRunButton1\">run internal test</button><br>\\n\\","<div id=\"testReportDiv1\" style=\"display: none;\"></div>\\n\\","utility2-comment -->\\n\\","\\n\\","\\n\\","\\n\\","<label>stderr and stdout</label>\\n\\","<textarea class=\"resettable\" id=\"outputTextareaStdout1\" readonly></textarea>\\n\\","<!-- utility2-comment\\n\\","{{#if isRollup}}\\n\\","<script src=\"assets.app.js\"></script>\\n\\","{{#unless isRollup}}\\n\\","utility2-comment -->\\n\\","<script src=\"assets.utility2.rollup.js\"></script>\\n\\","<script src=\"jsonp.utility2._stateInit?callback=window.utility2._stateInit\"></script>\\n\\","<script src=\"assets.npmtest_node_pre_gyp.rollup.js\"></script>\\n\\","<script src=\"assets.example.js\"></script>\\n\\","<script src=\"assets.test.js\"></script>\\n\\","<!-- utility2-comment\\n\\","{{/if isRollup}}\\n\\","utility2-comment -->\\n\\","<div class=\"utility2FooterDiv\">\\n\\","    [ this app was created with\\n\\","    <a href=\"https://github.com/kaizhu256/node-utility2\" target=\"_blank\">utility2</a>\\n\\","    ]\\n\\","</div>\\n\\","</body>\\n\\","</html>\\n\\","';","        /* jslint-ignore-end */","        if (local.templateRender) {","            local.assetsDict['/'] = local.templateRender(","                local.assetsDict['/assets.index.template.html'],","                {","                    env: local.objectSetDefault(local.env, {","                        npm_package_description: 'the greatest app in the world!',","                        npm_package_name: 'my-app',","                        npm_package_nameAlias: 'my_app',","                        npm_package_version: '0.0.1'","                    })","                }","            );","        } else {","            local.assetsDict['/'] = local.assetsDict['/assets.index.template.html']","                .replace((/\\{\\{env\\.(\\w+?)\\}\\}/g), function (match0, match1) {","                    // jslint-hack","                    String(match0);","                    switch (match1) {","                    case 'npm_package_description':","                        return 'the greatest app in the world!';","                    case 'npm_package_name':","                        return 'my-app';","                    case 'npm_package_nameAlias':","                        return 'my_app';","                    case 'npm_package_version':","                        return '0.0.1';","                    }","                });","        }","        // run the cli","        if (local.global.utility2_rollup || module !== require.main) {","            break;","        }","        local.assetsDict['/assets.example.js'] =","            local.assetsDict['/assets.example.js'] ||","            local.fs.readFileSync(__filename, 'utf8');","        // bug-workaround - long $npm_package_buildCustomOrg","        /* jslint-ignore-begin */","        local.assetsDict['/assets.npmtest_node_pre_gyp.rollup.js'] =","            local.assetsDict['/assets.npmtest_node_pre_gyp.rollup.js'] ||","            local.fs.readFileSync(","                local.npmtest_node_pre_gyp.__dirname + '/lib.npmtest_node_pre_gyp.js',","                'utf8'","            ).replace((/^#!/), '//');","        /* jslint-ignore-end */","        local.assetsDict['/favicon.ico'] = local.assetsDict['/favicon.ico'] || '';","        // if $npm_config_timeout_exit exists,","        // then exit this process after $npm_config_timeout_exit ms","        if (Number(process.env.npm_config_timeout_exit)) {","            setTimeout(process.exit, Number(process.env.npm_config_timeout_exit));","        }","        // start server","        if (local.global.utility2_serverHttp1) {","            break;","        }","        process.env.PORT = process.env.PORT || '8081';","        console.error('server starting on port ' + process.env.PORT);","        local.http.createServer(function (request, response) {","            request.urlParsed = local.url.parse(request.url);","            if (local.assetsDict[request.urlParsed.pathname] !== undefined) {","                response.end(local.assetsDict[request.urlParsed.pathname]);","                return;","            }","            response.statusCode = 404;","            response.end();","        }).listen(process.env.PORT);","        break;","    }","}());",""],"l":{"26":2,"28":2,"33":2,"35":2,"37":2,"38":2,"39":2,"44":1,"51":2,"55":2,"59":2,"61":2,"69":1,"70":2,"76":2,"79":2,"82":2,"83":2,"85":1,"89":2,"92":1,"93":1,"94":1,"96":1,"97":1,"100":1,"101":1,"103":1,"106":1,"108":2,"114":1,"116":1,"118":1,"123":1,"124":2,"125":2,"126":3,"127":3,"128":3,"129":3,"130":1,"133":3,"134":3,"139":3,"143":1,"144":3,"145":1,"149":1,"150":1,"158":1,"160":1,"161":1,"162":1,"164":1,"166":1,"258":1,"259":1,"271":1,"274":6,"275":6,"277":1,"279":2,"281":1,"283":2,"288":1,"289":1,"291":1,"296":1,"303":1,"306":1,"307":1,"310":1,"311":1,"313":1,"314":1,"315":1,"316":1,"317":1,"318":1,"319":1,"321":1,"322":1,"324":1}},"/home/travis/build/npmtest/node-npmtest-node-pre-gyp/node_modules/node-pre-gyp/lib/node-pre-gyp.js":{"path":"/home/travis/build/npmtest/node-npmtest-node-pre-gyp/node_modules/node-pre-gyp/lib/node-pre-gyp.js","s":{"1":1,"2":1,"3":1,"4":1,"5":1,"6":1,"7":1,"8":1,"9":1,"10":1,"11":1,"12":1,"13":0,"14":0,"15":0,"16":0,"17":0,"18":0,"19":1,"20":1,"21":1,"22":1,"23":1,"24":1,"25":1,"26":1,"27":0,"28":0,"29":0,"30":0,"31":0,"32":0,"33":0,"34":0,"35":0,"36":0,"37":0,"38":0,"39":0,"40":0,"41":0,"42":0,"43":0,"44":0,"45":0,"46":0,"47":0,"48":0,"49":0,"50":0,"51":0,"52":0,"53":0,"54":0,"55":0,"56":0,"57":0,"58":1,"59":0,"60":0,"61":0,"62":1,"63":10},"b":{"1":[0,0],"2":[0,0],"3":[0,0],"4":[0,0],"5":[0,0],"6":[0,0],"7":[0,0],"8":[0,0],"9":[0,0,0],"10":[0,0]},"f":{"1":0,"2":0,"3":0,"4":0,"5":0,"6":0,"7":0,"8":0,"9":0,"10":10},"fnMap":{"1":{"name":"Run","line":42,"loc":{"start":{"line":42,"column":0},"end":{"line":42,"column":15}}},"2":{"name":"(anonymous_2)","line":47,"loc":{"start":{"line":47,"column":19},"end":{"line":47,"column":38}}},"3":{"name":"(anonymous_3)","line":48,"loc":{"start":{"line":48,"column":29},"end":{"line":48,"column":55}}},"4":{"name":"parseOpts","line":102,"loc":{"start":{"line":102,"column":18},"end":{"line":102,"column":44}}},"5":{"name":"(anonymous_5)","line":108,"loc":{"start":{"line":108,"column":23},"end":{"line":108,"column":38}}},"6":{"name":"(anonymous_6)","line":117,"loc":{"start":{"line":117,"column":23},"end":{"line":117,"column":38}}},"7":{"name":"(anonymous_7)","line":133,"loc":{"start":{"line":133,"column":35},"end":{"line":133,"column":51}}},"8":{"name":"usage","line":168,"loc":{"start":{"line":168,"column":14},"end":{"line":168,"column":32}}},"9":{"name":"(anonymous_9)","line":174,"loc":{"start":{"line":174,"column":19},"end":{"line":174,"column":32}}},"10":{"name":"(anonymous_10)","line":189,"loc":{"start":{"line":189,"column":9},"end":{"line":189,"column":21}}}},"statementMap":{"1":{"start":{"line":7,"column":0},"end":{"line":7,"column":25}},"2":{"start":{"line":13,"column":0},"end":{"line":13,"column":27}},"3":{"start":{"line":14,"column":0},"end":{"line":14,"column":27}},"4":{"start":{"line":15,"column":0},"end":{"line":15,"column":28}},"5":{"start":{"line":16,"column":0},"end":{"line":16,"column":22}},"6":{"start":{"line":18,"column":0},"end":{"line":18,"column":40}},"7":{"start":{"line":19,"column":0},"end":{"line":19,"column":40}},"8":{"start":{"line":20,"column":0},"end":{"line":34,"column":6}},"9":{"start":{"line":35,"column":0},"end":{"line":35,"column":17}},"10":{"start":{"line":38,"column":0},"end":{"line":38,"column":29}},"11":{"start":{"line":40,"column":0},"end":{"line":40,"column":45}},"12":{"start":{"line":42,"column":0},"end":{"line":53,"column":1}},"13":{"start":{"line":43,"column":2},"end":{"line":43,"column":18}},"14":{"start":{"line":45,"column":2},"end":{"line":45,"column":21}},"15":{"start":{"line":47,"column":2},"end":{"line":52,"column":5}},"16":{"start":{"line":48,"column":4},"end":{"line":51,"column":6}},"17":{"start":{"line":49,"column":6},"end":{"line":49,"column":44}},"18":{"start":{"line":50,"column":6},"end":{"line":50,"column":59}},"19":{"start":{"line":54,"column":0},"end":{"line":54,"column":18}},"20":{"start":{"line":55,"column":0},"end":{"line":55,"column":18}},"21":{"start":{"line":56,"column":0},"end":{"line":56,"column":26}},"22":{"start":{"line":62,"column":0},"end":{"line":62,"column":43}},"23":{"start":{"line":68,"column":0},"end":{"line":75,"column":2}},"24":{"start":{"line":81,"column":0},"end":{"line":89,"column":2}},"25":{"start":{"line":95,"column":0},"end":{"line":95,"column":24}},"26":{"start":{"line":102,"column":0},"end":{"line":162,"column":2}},"27":{"start":{"line":103,"column":2},"end":{"line":103,"column":59}},"28":{"start":{"line":104,"column":2},"end":{"line":104,"column":44}},"29":{"start":{"line":105,"column":2},"end":{"line":105,"column":32}},"30":{"start":{"line":108,"column":2},"end":{"line":114,"column":11}},"31":{"start":{"line":110,"column":4},"end":{"line":112,"column":5}},"32":{"start":{"line":111,"column":6},"end":{"line":111,"column":30}},"33":{"start":{"line":113,"column":4},"end":{"line":113,"column":15}},"34":{"start":{"line":117,"column":2},"end":{"line":126,"column":11}},"35":{"start":{"line":118,"column":4},"end":{"line":125,"column":5}},"36":{"start":{"line":119,"column":6},"end":{"line":119,"column":51}},"37":{"start":{"line":120,"column":6},"end":{"line":120,"column":19}},"38":{"start":{"line":121,"column":6},"end":{"line":123,"column":7}},"39":{"start":{"line":122,"column":8},"end":{"line":122,"column":50}},"40":{"start":{"line":124,"column":6},"end":{"line":124,"column":45}},"41":{"start":{"line":127,"column":2},"end":{"line":129,"column":3}},"42":{"start":{"line":128,"column":4},"end":{"line":128,"column":56}},"43":{"start":{"line":132,"column":2},"end":{"line":132,"column":40}},"44":{"start":{"line":133,"column":2},"end":{"line":156,"column":11}},"45":{"start":{"line":134,"column":4},"end":{"line":134,"column":54}},"46":{"start":{"line":134,"column":47},"end":{"line":134,"column":54}},"47":{"start":{"line":135,"column":4},"end":{"line":135,"column":32}},"48":{"start":{"line":136,"column":4},"end":{"line":155,"column":5}},"49":{"start":{"line":137,"column":6},"end":{"line":137,"column":22}},"50":{"start":{"line":140,"column":6},"end":{"line":140,"column":54}},"51":{"start":{"line":144,"column":6},"end":{"line":154,"column":7}},"52":{"start":{"line":145,"column":9},"end":{"line":151,"column":10}},"53":{"start":{"line":150,"column":12},"end":{"line":150,"column":34}},"54":{"start":{"line":153,"column":8},"end":{"line":153,"column":30}},"55":{"start":{"line":158,"column":2},"end":{"line":160,"column":3}},"56":{"start":{"line":159,"column":4},"end":{"line":159,"column":35}},"57":{"start":{"line":161,"column":2},"end":{"line":161,"column":15}},"58":{"start":{"line":168,"column":0},"end":{"line":182,"column":2}},"59":{"start":{"line":169,"column":2},"end":{"line":180,"column":15}},"60":{"start":{"line":175,"column":8},"end":{"line":175,"column":62}},"61":{"start":{"line":181,"column":2},"end":{"line":181,"column":13}},"62":{"start":{"line":188,"column":0},"end":{"line":193,"column":3}},"63":{"start":{"line":190,"column":6},"end":{"line":190,"column":34}}},"branchMap":{"1":{"line":110,"type":"if","locations":[{"start":{"line":110,"column":4},"end":{"line":110,"column":4}},{"start":{"line":110,"column":4},"end":{"line":110,"column":4}}]},"2":{"line":118,"type":"if","locations":[{"start":{"line":118,"column":4},"end":{"line":118,"column":4}},{"start":{"line":118,"column":4},"end":{"line":118,"column":4}}]},"3":{"line":121,"type":"if","locations":[{"start":{"line":121,"column":6},"end":{"line":121,"column":6}},{"start":{"line":121,"column":6},"end":{"line":121,"column":6}}]},"4":{"line":127,"type":"if","locations":[{"start":{"line":127,"column":2},"end":{"line":127,"column":2}},{"start":{"line":127,"column":2},"end":{"line":127,"column":2}}]},"5":{"line":134,"type":"if","locations":[{"start":{"line":134,"column":4},"end":{"line":134,"column":4}},{"start":{"line":134,"column":4},"end":{"line":134,"column":4}}]},"6":{"line":136,"type":"if","locations":[{"start":{"line":136,"column":4},"end":{"line":136,"column":4}},{"start":{"line":136,"column":4},"end":{"line":136,"column":4}}]},"7":{"line":144,"type":"if","locations":[{"start":{"line":144,"column":6},"end":{"line":144,"column":6}},{"start":{"line":144,"column":6},"end":{"line":144,"column":6}}]},"8":{"line":145,"type":"if","locations":[{"start":{"line":145,"column":9},"end":{"line":145,"column":9}},{"start":{"line":145,"column":9},"end":{"line":145,"column":9}}]},"9":{"line":145,"type":"binary-expr","locations":[{"start":{"line":145,"column":13},"end":{"line":145,"column":27}},{"start":{"line":146,"column":13},"end":{"line":146,"column":34}},{"start":{"line":147,"column":13},"end":{"line":147,"column":41}}]},"10":{"line":158,"type":"if","locations":[{"start":{"line":158,"column":2},"end":{"line":158,"column":2}},{"start":{"line":158,"column":2},"end":{"line":158,"column":2}}]}},"code":["\"use strict\";","","/**"," * Module exports."," */","","module.exports = exports;","","/**"," * Module dependencies."," */","","var path = require('path');","var nopt = require('nopt');","var log = require('npmlog');","log.disableProgress();","","var EE = require('events').EventEmitter;","var inherits = require('util').inherits;","var commands = [","      'clean',","      'install',","      'reinstall',","      'build',","      'rebuild',","      'package',","      'testpackage',","      'publish',","      'unpublish',","      'info',","      'testbinary',","      'reveal',","      'configure'","    ];","var aliases = {};","","// differentiate node-pre-gyp's logs from npm's","log.heading = 'node-pre-gyp';","","exports.find = require('./pre-binding').find;","","function Run() {","  var self = this;","","  this.commands = {};","","  commands.forEach(function (command) {","    self.commands[command] = function (argv, callback) {","      log.verbose('command', command, argv);","      return require('./' + command)(self, argv, callback);","    };","  });","}","inherits(Run, EE);","exports.Run = Run;","var proto = Run.prototype;","","/**"," * Export the contents of the package.json."," */","","proto.package = require('../package.json');","","/**"," * nopt configuration definitions"," */","","proto.configDefs = {","    help: Boolean,     // everywhere","    arch: String,      // 'configure'","    debug: Boolean,    // 'build'","    directory: String, // bin","    proxy: String,     // 'install'","    loglevel: String,  // everywhere","};","","/**"," * nopt shorthands"," */","","proto.shorthands = {","    release: '--no-debug',","    C: '--directory',","    debug: '--debug',","    j: '--jobs',","    silent: '--loglevel=silent',","    silly: '--loglevel=silly',","    verbose: '--loglevel=verbose',","};","","/**"," * expose the command aliases for the bin file to use."," */","","proto.aliases = aliases;","","/**"," * Parses the given argv array and sets the 'opts',"," * 'argv' and 'command' properties."," */","","proto.parseArgv = function parseOpts (argv) {","  this.opts = nopt(this.configDefs, this.shorthands, argv);","  this.argv = this.opts.argv.remain.slice();","  var commands = this.todo = [];","","  // create a copy of the argv array with aliases mapped","  argv = this.argv.map(function (arg) {","    // is this an alias?","    if (arg in this.aliases) {","      arg = this.aliases[arg];","    }","    return arg;","  }, this);","","  // process the mapped args into \"command\" objects (\"name\" and \"args\" props)","  argv.slice().forEach(function (arg) {","    if (arg in this.commands) {","      var args = argv.splice(0, argv.indexOf(arg));","      argv.shift();","      if (commands.length > 0) {","        commands[commands.length - 1].args = args;","      }","      commands.push({ name: arg, args: [] });","    }","  }, this);","  if (commands.length > 0) {","    commands[commands.length - 1].args = argv.splice(0);","  }","","  // support for inheriting config env variables from npm","  var npm_config_prefix = 'npm_config_';","  Object.keys(process.env).forEach(function (name) {","    if (name.indexOf(npm_config_prefix) !== 0) return;","    var val = process.env[name];","    if (name === npm_config_prefix + 'loglevel') {","      log.level = val;","    } else {","      // add the user-defined options to the config","      name = name.substring(npm_config_prefix.length);","      // avoid npm argv clobber already present args","      // which avoids problem of 'npm test' calling","      // script that runs unique npm install commands","      if (name === 'argv') {","         if (this.opts.argv &&","             this.opts.argv.remain &&","             this.opts.argv.remain.length) {","            // do nothing","         } else {","            this.opts[name] = val;","         }","      } else {","        this.opts[name] = val;","      }","    }","  }, this);","","  if (this.opts.loglevel) {","    log.level = this.opts.loglevel;","  }","  log.resume();","};","","/**"," * Returns the usage instructions for node-pre-gyp."," */","","proto.usage = function usage () {","  var str = [","      '',","      '  Usage: node-pre-gyp <command> [options]',","      '',","      '  where <command> is one of:',","      commands.map(function (c) {","        return '    - ' + c + ' - ' + require('./' + c).usage;","      }).join('\\n'),","      '',","      'node-pre-gyp@' + this.version + '  ' + path.resolve(__dirname, '..'),","      'node@' + process.versions.node","  ].join('\\n');","  return str;","};","","/**"," * Version number getter."," */","","Object.defineProperty(proto, 'version', {","    get: function () {","      return this.package.version;","    },","    enumerable: true","});","",""],"l":{"7":1,"13":1,"14":1,"15":1,"16":1,"18":1,"19":1,"20":1,"35":1,"38":1,"40":1,"42":1,"43":0,"45":0,"47":0,"48":0,"49":0,"50":0,"54":1,"55":1,"56":1,"62":1,"68":1,"81":1,"95":1,"102":1,"103":0,"104":0,"105":0,"108":0,"110":0,"111":0,"113":0,"117":0,"118":0,"119":0,"120":0,"121":0,"122":0,"124":0,"127":0,"128":0,"132":0,"133":0,"134":0,"135":0,"136":0,"137":0,"140":0,"144":0,"145":0,"150":0,"153":0,"158":0,"159":0,"161":0,"168":1,"169":0,"175":0,"181":0,"188":1,"190":10}},"/home/travis/build/npmtest/node-npmtest-node-pre-gyp/node_modules/node-pre-gyp/lib/pre-binding.js":{"path":"/home/travis/build/npmtest/node-npmtest-node-pre-gyp/node_modules/node-pre-gyp/lib/pre-binding.js","s":{"1":1,"2":1,"3":1,"4":1,"5":1,"6":1,"7":0,"8":1,"9":0,"10":0,"11":0,"12":0,"13":0,"14":0,"15":0,"16":0,"17":0},"b":{"1":[1,0],"2":[0,0],"3":[0,0],"4":[0,0]},"f":{"1":0,"2":0},"fnMap":{"1":{"name":"(anonymous_1)","line":11,"loc":{"start":{"line":11,"column":19},"end":{"line":11,"column":42}}},"2":{"name":"(anonymous_2)","line":15,"loc":{"start":{"line":15,"column":15},"end":{"line":15,"column":48}}}},"statementMap":{"1":{"start":{"line":3,"column":0},"end":{"line":3,"column":54}},"2":{"start":{"line":4,"column":0},"end":{"line":4,"column":72}},"3":{"start":{"line":5,"column":0},"end":{"line":5,"column":27}},"4":{"start":{"line":7,"column":0},"end":{"line":7,"column":25}},"5":{"start":{"line":9,"column":0},"end":{"line":9,"column":79}},"6":{"start":{"line":11,"column":0},"end":{"line":13,"column":2}},"7":{"start":{"line":12,"column":4},"end":{"line":12,"column":45}},"8":{"start":{"line":15,"column":0},"end":{"line":25,"column":2}},"9":{"start":{"line":16,"column":3},"end":{"line":18,"column":4}},"10":{"start":{"line":17,"column":8},"end":{"line":17,"column":79}},"11":{"start":{"line":19,"column":3},"end":{"line":19,"column":49}},"12":{"start":{"line":20,"column":3},"end":{"line":20,"column":44}},"13":{"start":{"line":21,"column":3},"end":{"line":21,"column":21}},"14":{"start":{"line":22,"column":3},"end":{"line":22,"column":77}},"15":{"start":{"line":22,"column":26},"end":{"line":22,"column":77}},"16":{"start":{"line":23,"column":3},"end":{"line":23,"column":53}},"17":{"start":{"line":24,"column":3},"end":{"line":24,"column":22}}},"branchMap":{"1":{"line":4,"type":"binary-expr","locations":[{"start":{"line":4,"column":17},"end":{"line":4,"column":41}},{"start":{"line":4,"column":45},"end":{"line":4,"column":71}}]},"2":{"line":16,"type":"if","locations":[{"start":{"line":16,"column":3},"end":{"line":16,"column":3}},{"start":{"line":16,"column":3},"end":{"line":16,"column":3}}]},"3":{"line":21,"type":"binary-expr","locations":[{"start":{"line":21,"column":10},"end":{"line":21,"column":14}},{"start":{"line":21,"column":18},"end":{"line":21,"column":20}}]},"4":{"line":22,"type":"if","locations":[{"start":{"line":22,"column":3},"end":{"line":22,"column":3}},{"start":{"line":22,"column":3},"end":{"line":22,"column":3}}]}},"code":["\"use strict\";","","var versioning = require('../lib/util/versioning.js');","var existsSync = require('fs').existsSync || require('path').existsSync;","var path = require('path');","","module.exports = exports;","","exports.usage = 'Finds the require path for the node-pre-gyp installed module';","","exports.validate = function(package_json) {","    versioning.validate_config(package_json);","};","","exports.find = function(package_json_path,opts) {","   if (!existsSync(package_json_path)) {","        throw new Error(\"package.json does not exist at \" + package_json_path);","   }","   var package_json = require(package_json_path);","   versioning.validate_config(package_json);","   opts = opts || {};","   if (!opts.module_root) opts.module_root = path.dirname(package_json_path);","   var meta = versioning.evaluate(package_json,opts);","   return meta.module;","};",""],"l":{"3":1,"4":1,"5":1,"7":1,"9":1,"11":1,"12":0,"15":1,"16":0,"17":0,"19":0,"20":0,"21":0,"22":0,"23":0,"24":0}},"/home/travis/build/npmtest/node-npmtest-node-pre-gyp/node_modules/node-pre-gyp/lib/util/versioning.js":{"path":"/home/travis/build/npmtest/node-npmtest-node-pre-gyp/node_modules/node-pre-gyp/lib/util/versioning.js","s":{"1":1,"2":1,"3":1,"4":1,"5":1,"6":1,"7":0,"8":1,"9":1,"10":0,"11":0,"12":0,"13":0,"14":0,"15":0,"16":1,"17":1,"18":0,"19":0,"20":0,"21":0,"22":0,"23":1,"24":1,"25":0,"26":0,"27":0,"28":0,"29":0,"30":0,"31":0,"32":0,"33":1,"34":1,"35":0,"36":0,"37":0,"38":0,"39":0,"40":0,"41":0,"42":0,"43":0,"44":0,"45":0,"46":0,"47":0,"48":0,"49":0,"50":0,"51":0,"52":0,"53":0,"54":0,"55":0,"56":0,"57":0,"58":0,"59":0,"60":0,"61":0,"62":0,"63":0,"64":0,"65":0,"66":0,"67":0,"68":0,"69":0,"70":0,"71":0,"72":0,"73":0,"74":0,"75":0,"76":0,"77":0,"78":0,"79":0,"80":0,"81":0,"82":1,"83":1,"84":1,"85":0,"86":0,"87":0,"88":0,"89":0,"90":0,"91":0,"92":0,"93":0,"94":0,"95":0,"96":0,"97":0,"98":0,"99":0,"100":0,"101":0,"102":0,"103":0,"104":0,"105":0,"106":0,"107":1,"108":1,"109":0,"110":0,"111":0,"112":0,"113":0,"114":1,"115":0,"116":0,"117":0,"118":1,"119":0,"120":1,"121":0,"122":0,"123":0,"124":0,"125":0,"126":0,"127":1,"128":1,"129":1,"130":1,"131":0,"132":0,"133":0,"134":0,"135":0,"136":0,"137":0,"138":0,"139":0,"140":0,"141":0,"142":0,"143":0,"144":0,"145":0,"146":0,"147":0,"148":0,"149":0,"150":0},"b":{"1":[0,1],"2":[0,0],"3":[0,0],"4":[0,0],"5":[0,0],"6":[0,0],"7":[0,0],"8":[0,0],"9":[0,0],"10":[0,0],"11":[0,0],"12":[0,0],"13":[0,0],"14":[0,0],"15":[0,0],"16":[0,0],"17":[0,0],"18":[0,0],"19":[0,0],"20":[0,0],"21":[0,0],"22":[0,0],"23":[0,0],"24":[0,0],"25":[0,0],"26":[0,0],"27":[0,0],"28":[0,0],"29":[0,0],"30":[0,0],"31":[0,0],"32":[0,0],"33":[0,0],"34":[0,0],"35":[0,0],"36":[0,0],"37":[0,0],"38":[0,0],"39":[0,0],"40":[0,0],"41":[0,0],"42":[0,0],"43":[0,0],"44":[0,0],"45":[0,0],"46":[0,0],"47":[0,0],"48":[0,0],"49":[0,0],"50":[0,0],"51":[0,0],"52":[0,0],"53":[0,0],"54":[0,0],"55":[0,0],"56":[0,0],"57":[0,0],"58":[0,0]},"f":{"1":0,"2":0,"3":0,"4":0,"5":0,"6":0,"7":0,"8":0,"9":0,"10":0,"11":0,"12":0,"13":0},"fnMap":{"1":{"name":"get_electron_abi","line":20,"loc":{"start":{"line":20,"column":0},"end":{"line":20,"column":51}}},"2":{"name":"get_node_webkit_abi","line":34,"loc":{"start":{"line":34,"column":0},"end":{"line":34,"column":54}}},"3":{"name":"get_node_abi","line":46,"loc":{"start":{"line":46,"column":0},"end":{"line":46,"column":41}}},"4":{"name":"get_runtime_abi","line":66,"loc":{"start":{"line":66,"column":0},"end":{"line":66,"column":50}}},"5":{"name":"(anonymous_5)","line":86,"loc":{"start":{"line":86,"column":65},"end":{"line":86,"column":77}}},"6":{"name":"validate_config","line":178,"loc":{"start":{"line":178,"column":0},"end":{"line":178,"column":39}}},"7":{"name":"(anonymous_7)","line":194,"loc":{"start":{"line":194,"column":32},"end":{"line":194,"column":44}}},"8":{"name":"eval_template","line":216,"loc":{"start":{"line":216,"column":0},"end":{"line":216,"column":38}}},"9":{"name":"(anonymous_9)","line":217,"loc":{"start":{"line":217,"column":30},"end":{"line":217,"column":44}}},"10":{"name":"fix_slashes","line":230,"loc":{"start":{"line":230,"column":0},"end":{"line":230,"column":31}}},"11":{"name":"drop_double_slashes","line":240,"loc":{"start":{"line":240,"column":0},"end":{"line":240,"column":39}}},"12":{"name":"get_process_runtime","line":244,"loc":{"start":{"line":244,"column":0},"end":{"line":244,"column":39}}},"13":{"name":"(anonymous_13)","line":259,"loc":{"start":{"line":259,"column":26},"end":{"line":259,"column":57}}}},"statementMap":{"1":{"start":{"line":3,"column":0},"end":{"line":3,"column":25}},"2":{"start":{"line":5,"column":0},"end":{"line":5,"column":27}},"3":{"start":{"line":6,"column":0},"end":{"line":6,"column":31}},"4":{"start":{"line":7,"column":0},"end":{"line":7,"column":25}},"5":{"start":{"line":9,"column":0},"end":{"line":9,"column":18}},"6":{"start":{"line":14,"column":0},"end":{"line":18,"column":1}},"7":{"start":{"line":15,"column":4},"end":{"line":15,"column":68}},"8":{"start":{"line":17,"column":4},"end":{"line":17,"column":52}},"9":{"start":{"line":20,"column":0},"end":{"line":31,"column":1}},"10":{"start":{"line":21,"column":4},"end":{"line":23,"column":5}},"11":{"start":{"line":22,"column":8},"end":{"line":22,"column":71}},"12":{"start":{"line":24,"column":4},"end":{"line":27,"column":5}},"13":{"start":{"line":26,"column":8},"end":{"line":26,"column":92}},"14":{"start":{"line":29,"column":4},"end":{"line":29,"column":47}},"15":{"start":{"line":30,"column":4},"end":{"line":30,"column":64}},"16":{"start":{"line":32,"column":0},"end":{"line":32,"column":51}},"17":{"start":{"line":34,"column":0},"end":{"line":43,"column":1}},"18":{"start":{"line":35,"column":4},"end":{"line":37,"column":5}},"19":{"start":{"line":36,"column":8},"end":{"line":36,"column":74}},"20":{"start":{"line":38,"column":4},"end":{"line":41,"column":5}},"21":{"start":{"line":40,"column":8},"end":{"line":40,"column":95}},"22":{"start":{"line":42,"column":4},"end":{"line":42,"column":43}},"23":{"start":{"line":44,"column":0},"end":{"line":44,"column":57}},"24":{"start":{"line":46,"column":0},"end":{"line":63,"column":1}},"25":{"start":{"line":47,"column":4},"end":{"line":49,"column":5}},"26":{"start":{"line":48,"column":8},"end":{"line":48,"column":67}},"27":{"start":{"line":50,"column":4},"end":{"line":52,"column":5}},"28":{"start":{"line":51,"column":8},"end":{"line":51,"column":79}},"29":{"start":{"line":53,"column":4},"end":{"line":53,"column":46}},"30":{"start":{"line":54,"column":4},"end":{"line":62,"column":5}},"31":{"start":{"line":56,"column":8},"end":{"line":56,"column":42}},"32":{"start":{"line":60,"column":8},"end":{"line":61,"column":64}},"33":{"start":{"line":64,"column":0},"end":{"line":64,"column":43}},"34":{"start":{"line":66,"column":0},"end":{"line":169,"column":1}},"35":{"start":{"line":67,"column":4},"end":{"line":69,"column":5}},"36":{"start":{"line":68,"column":8},"end":{"line":68,"column":70}},"37":{"start":{"line":70,"column":4},"end":{"line":168,"column":5}},"38":{"start":{"line":71,"column":8},"end":{"line":71,"column":95}},"39":{"start":{"line":72,"column":11},"end":{"line":168,"column":5}},"40":{"start":{"line":73,"column":8},"end":{"line":73,"column":86}},"41":{"start":{"line":75,"column":8},"end":{"line":77,"column":9}},"42":{"start":{"line":76,"column":12},"end":{"line":76,"column":66}},"43":{"start":{"line":78,"column":8},"end":{"line":167,"column":9}},"44":{"start":{"line":79,"column":12},"end":{"line":79,"column":58}},"45":{"start":{"line":81,"column":12},"end":{"line":81,"column":26}},"46":{"start":{"line":83,"column":12},"end":{"line":154,"column":13}},"47":{"start":{"line":84,"column":16},"end":{"line":84,"column":58}},"48":{"start":{"line":86,"column":16},"end":{"line":86,"column":93}},"49":{"start":{"line":86,"column":79},"end":{"line":86,"column":89}},"50":{"start":{"line":87,"column":16},"end":{"line":89,"column":17}},"51":{"start":{"line":88,"column":20},"end":{"line":88,"column":81}},"52":{"start":{"line":117,"column":16},"end":{"line":117,"column":44}},"53":{"start":{"line":118,"column":16},"end":{"line":118,"column":44}},"54":{"start":{"line":119,"column":16},"end":{"line":119,"column":44}},"55":{"start":{"line":122,"column":16},"end":{"line":153,"column":17}},"56":{"start":{"line":125,"column":20},"end":{"line":138,"column":21}},"57":{"start":{"line":126,"column":24},"end":{"line":126,"column":47}},"58":{"start":{"line":126,"column":39},"end":{"line":126,"column":47}},"59":{"start":{"line":127,"column":24},"end":{"line":127,"column":47}},"60":{"start":{"line":127,"column":39},"end":{"line":127,"column":47}},"61":{"start":{"line":128,"column":24},"end":{"line":128,"column":85}},"62":{"start":{"line":129,"column":24},"end":{"line":134,"column":25}},"63":{"start":{"line":130,"column":28},"end":{"line":130,"column":71}},"64":{"start":{"line":131,"column":28},"end":{"line":131,"column":114}},"65":{"start":{"line":132,"column":28},"end":{"line":132,"column":138}},"66":{"start":{"line":133,"column":28},"end":{"line":133,"column":34}},"67":{"start":{"line":135,"column":24},"end":{"line":137,"column":25}},"68":{"start":{"line":136,"column":28},"end":{"line":136,"column":34}},"69":{"start":{"line":139,"column":23},"end":{"line":153,"column":17}},"70":{"start":{"line":140,"column":20},"end":{"line":152,"column":21}},"71":{"start":{"line":143,"column":24},"end":{"line":151,"column":25}},"72":{"start":{"line":144,"column":28},"end":{"line":144,"column":89}},"73":{"start":{"line":145,"column":28},"end":{"line":150,"column":29}},"74":{"start":{"line":146,"column":32},"end":{"line":146,"column":75}},"75":{"start":{"line":147,"column":32},"end":{"line":147,"column":118}},"76":{"start":{"line":148,"column":32},"end":{"line":148,"column":142}},"77":{"start":{"line":149,"column":32},"end":{"line":149,"column":38}},"78":{"start":{"line":155,"column":12},"end":{"line":157,"column":13}},"79":{"start":{"line":156,"column":16},"end":{"line":156,"column":81}},"80":{"start":{"line":159,"column":12},"end":{"line":165,"column":14}},"81":{"start":{"line":166,"column":12},"end":{"line":166,"column":55}},"82":{"start":{"line":170,"column":0},"end":{"line":170,"column":49}},"83":{"start":{"line":172,"column":0},"end":{"line":176,"column":2}},"84":{"start":{"line":178,"column":0},"end":{"line":212,"column":1}},"85":{"start":{"line":179,"column":4},"end":{"line":179,"column":79}},"86":{"start":{"line":180,"column":4},"end":{"line":180,"column":21}},"87":{"start":{"line":181,"column":4},"end":{"line":183,"column":5}},"88":{"start":{"line":182,"column":8},"end":{"line":182,"column":29}},"89":{"start":{"line":184,"column":4},"end":{"line":186,"column":5}},"90":{"start":{"line":185,"column":8},"end":{"line":185,"column":32}},"91":{"start":{"line":187,"column":4},"end":{"line":189,"column":5}},"92":{"start":{"line":188,"column":8},"end":{"line":188,"column":29}},"93":{"start":{"line":190,"column":4},"end":{"line":192,"column":5}},"94":{"start":{"line":191,"column":8},"end":{"line":191,"column":31}},"95":{"start":{"line":193,"column":4},"end":{"line":193,"column":32}},"96":{"start":{"line":194,"column":4},"end":{"line":201,"column":7}},"97":{"start":{"line":195,"column":8},"end":{"line":197,"column":9}},"98":{"start":{"line":196,"column":12},"end":{"line":196,"column":34}},"99":{"start":{"line":198,"column":8},"end":{"line":200,"column":9}},"100":{"start":{"line":199,"column":12},"end":{"line":199,"column":40}},"101":{"start":{"line":202,"column":4},"end":{"line":204,"column":5}},"102":{"start":{"line":203,"column":8},"end":{"line":203,"column":99}},"103":{"start":{"line":205,"column":4},"end":{"line":211,"column":5}},"104":{"start":{"line":207,"column":8},"end":{"line":207,"column":50}},"105":{"start":{"line":208,"column":8},"end":{"line":210,"column":9}},"106":{"start":{"line":209,"column":12},"end":{"line":209,"column":101}},"107":{"start":{"line":214,"column":0},"end":{"line":214,"column":49}},"108":{"start":{"line":216,"column":0},"end":{"line":224,"column":1}},"109":{"start":{"line":217,"column":4},"end":{"line":222,"column":7}},"110":{"start":{"line":218,"column":8},"end":{"line":218,"column":34}},"111":{"start":{"line":219,"column":8},"end":{"line":221,"column":9}},"112":{"start":{"line":220,"column":12},"end":{"line":220,"column":59}},"113":{"start":{"line":223,"column":4},"end":{"line":223,"column":20}},"114":{"start":{"line":230,"column":0},"end":{"line":235,"column":1}},"115":{"start":{"line":231,"column":4},"end":{"line":233,"column":5}},"116":{"start":{"line":232,"column":8},"end":{"line":232,"column":30}},"117":{"start":{"line":234,"column":4},"end":{"line":234,"column":20}},"118":{"start":{"line":240,"column":0},"end":{"line":242,"column":1}},"119":{"start":{"line":241,"column":4},"end":{"line":241,"column":41}},"120":{"start":{"line":244,"column":0},"end":{"line":252,"column":1}},"121":{"start":{"line":245,"column":4},"end":{"line":245,"column":25}},"122":{"start":{"line":246,"column":4},"end":{"line":250,"column":5}},"123":{"start":{"line":247,"column":8},"end":{"line":247,"column":32}},"124":{"start":{"line":248,"column":11},"end":{"line":250,"column":5}},"125":{"start":{"line":249,"column":8},"end":{"line":249,"column":29}},"126":{"start":{"line":251,"column":4},"end":{"line":251,"column":19}},"127":{"start":{"line":254,"column":0},"end":{"line":254,"column":57}},"128":{"start":{"line":256,"column":0},"end":{"line":256,"column":90}},"129":{"start":{"line":257,"column":0},"end":{"line":257,"column":29}},"130":{"start":{"line":259,"column":0},"end":{"line":308,"column":2}},"131":{"start":{"line":260,"column":4},"end":{"line":260,"column":28}},"132":{"start":{"line":261,"column":4},"end":{"line":261,"column":34}},"133":{"start":{"line":262,"column":4},"end":{"line":262,"column":33}},"134":{"start":{"line":263,"column":4},"end":{"line":263,"column":41}},"135":{"start":{"line":264,"column":4},"end":{"line":264,"column":75}},"136":{"start":{"line":265,"column":4},"end":{"line":285,"column":6}},"137":{"start":{"line":289,"column":4},"end":{"line":289,"column":113}},"138":{"start":{"line":290,"column":4},"end":{"l
[...]
s = {  ACL: config.acl,","                                     Body: fs.createReadStream(tarball),","                                     Bucket: config.bucket,","                                     Key: key_name","                                  };","                log.info('publish', 'Putting object');","                try {","                    s3_put.putObject(s3_put_opts, function(err, resp){","                        log.info('publish', 'returned from putting object');","                        if(err) {","                           log.info('publish', 's3 putObject error: \"' + err + '\"');","                           return callback(err);","                        }","                        if (resp) log.info('publish', 's3 putObject response: \"' + JSON.stringify(resp) + '\"');","                        log.info('publish', 'successfully put object');","                        console.log('['+package_json.name+'] published to ' + remote_package);","                        return callback();","                    });","              } catch (err) {","                   log.info('publish', 's3 putObject error: \"' + err + '\"');","                   return callback(err);","              }","            } else if (err) {","                log.info('publish', 's3 headObject error: \"' + err + '\"');","                return callback(err);","            } else {","                log.error('publish','Cannot publish over existing version');","                log.error('publish',\"Update the 'version' field in package.json and try again\");","                log.error('publish','If the previous version was published in error see:');","                log.error('publish','\\t node-pre-gyp unpublish');","                return callback(new Error('Failed publishing to ' + remote_package));","            }","        });","    });","}",""],"l":{"3":1,"5":1,"7":1,"8":1,"9":1,"10":1,"11":1,"12":1,"13":1,"14":1,"16":1,"17":0,"18":0,"19":0,"20":0,"21":0,"22":0,"23":0,"25":0,"26":0,"27":0,"28":0,"29":0,"30":0,"31":0,"34":0,"35":0,"36":0,"37":0,"38":0,"41":0,"42":0,"43":0,"48":0,"49":0,"50":0,"51":0,"52":0,"53":0,"54":0,"56":0,"57":0,"58":0,"59":0,"62":0,"63":0,"65":0,"66":0,"67":0,"69":0,"70":0,"71":0,"72":0,"73":0}},"/home/travis/build/npmtest/node-npmtest-node-pre-gyp/node_modules/node-pre-gyp/lib/rebuild.js":{"path":"/home/travis/build/npmtest/node-npmtest-node-pre-gyp/node_modules/node-pre-gyp/lib/rebuild.js","s":{"1":1,"2":1,"3":1,"4":0,"5":0},"b":{},"f":{"1":0},"fnMap":{"1":{"name":"rebuild","line":7,"loc":{"start":{"line":7,"column":0},"end":{"line":7,"column":39}}}},"statementMap":{"1":{"start":{"line":3,"column":0},"end":{"line":3,"column":35}},"2":{"start":{"line":5,"column":0},"end":{"line":5,"column":51}},"3":{"start":{"line":7,"column":0},"end":{"line":13,"column":1}},"4":{"start":{"line":8,"column":2},"end":{"line":11,"column":4}},"5":{"start":{"line":12,"column":2},"end":{"line":12,"column":29}}},"branchMap":{},"code":["\"use strict\";","","module.exports = exports = rebuild;","","exports.usage = 'Runs \"clean\" and \"build\" at once';","","function rebuild (gyp, argv, callback) {","  gyp.todo.unshift(","      { name: 'clean', args: [] },","      { name: 'build', args: ['rebuild'] }","  );","  process.nextTick(callback);","}",""],"l":{"3":1,"5":1,"7":1,"8":0,"12":0}},"/home/travis/build/npmtest/node-npmtest-node-pre-gyp/node_modules/node-pre-gyp/lib/reinstall.js":{"path":"/home/travis/build/npmtest/node-npmtest-node-pre-gyp/node_modules/node-pre-gyp/lib/reinstall.js","s":{"1":1,"2":1,"3":1,"4":0,"5":0},"b":{},"f":{"1":0},"fnMap":{"1":{"name":"rebuild","line":7,"loc":{"start":{"line":7,"column":0},"end":{"line":7,"column":39}}}},"statementMap":{"1":{"start":{"line":3,"column":0},"end":{"line":3,"column":35}},"2":{"start":{"line":5,"column":0},"end":{"line":5,"column":53}},"3":{"start":{"line":7,"column":0},"end":{"line":13,"column":1}},"4":{"start":{"line":8,"column":2},"end":{"line":11,"column":4}},"5":{"start":{"line":12,"column":2},"end":{"line":12,"column":29}}},"branchMap":{},"code":["\"use strict\";","","module.exports = exports = rebuild;","","exports.usage = 'Runs \"clean\" and \"install\" at once';","","function rebuild (gyp, argv, callback) {","  gyp.todo.unshift(","      { name: 'clean', args: [] },","      { name: 'install', args: [] }","  );","  process.nextTick(callback);","}",""],"l":{"3":1,"5":1,"7":1,"8":0,"12":0}},"/home/travis/build/npmtest/node-npmtest-node-pre-gyp/node_modules/node-pre-gyp/lib/reveal.js":{"path":"/home/travis/build/npmtest/node-npmtest-node-pre-gyp/node_modules/node-pre-gyp/lib/reveal.js","s":{"1":1,"2":1,"3":1,"4":1,"5":1,"6":0,"7":1,"8":0,"9":0,"10":0,"11":0,"12":0,"13":0,"14":0,"15":0,"16":0,"17":0},"b":{"1":[0,0],"2":[0,0],"3":[0,0],"4":[0,0],"5":[0,0]},"f":{"1":0,"2":0},"fnMap":{"1":{"name":"unix_paths","line":10,"loc":{"start":{"line":10,"column":0},"end":{"line":10,"column":30}}},"2":{"name":"reveal","line":14,"loc":{"start":{"line":14,"column":0},"end":{"line":14,"column":37}}}},"statementMap":{"1":{"start":{"line":3,"column":0},"end":{"line":3,"column":34}},"2":{"start":{"line":5,"column":0},"end":{"line":5,"column":55}},"3":{"start":{"line":7,"column":0},"end":{"line":7,"column":23}},"4":{"start":{"line":8,"column":0},"end":{"line":8,"column":49}},"5":{"start":{"line":10,"column":0},"end":{"line":12,"column":1}},"6":{"start":{"line":11,"column":4},"end":{"line":11,"column":62}},"7":{"start":{"line":14,"column":0},"end":{"line":31,"column":1}},"8":{"start":{"line":15,"column":4},"end":{"line":15,"column":69}},"9":{"start":{"line":16,"column":4},"end":{"line":16,"column":59}},"10":{"start":{"line":17,"column":4},"end":{"line":17,"column":20}},"11":{"start":{"line":21,"column":4},"end":{"line":21,"column":44}},"12":{"start":{"line":22,"column":4},"end":{"line":25,"column":5}},"13":{"start":{"line":23,"column":8},"end":{"line":23,"column":54}},"14":{"start":{"line":24,"column":8},"end":{"line":24,"column":19}},"15":{"start":{"line":27,"column":4},"end":{"line":29,"column":5}},"16":{"start":{"line":28,"column":8},"end":{"line":28,"column":55}},"17":{"start":{"line":30,"column":4},"end":{"line":30,"column":22}}},"branchMap":{"1":{"line":11,"type":"cond-expr","locations":[{"start":{"line":11,"column":32},"end":{"line":11,"column":55}},{"start":{"line":11,"column":58},"end":{"line":11,"column":61}}]},"2":{"line":11,"type":"binary-expr","locations":[{"start":{"line":11,"column":11},"end":{"line":11,"column":14}},{"start":{"line":11,"column":18},"end":{"line":11,"column":29}}]},"3":{"line":22,"type":"if","locations":[{"start":{"line":22,"column":4},"end":{"line":22,"column":4}},{"start":{"line":22,"column":4},"end":{"line":22,"column":4}}]},"4":{"line":22,"type":"binary-expr","locations":[{"start":{"line":22,"column":8},"end":{"line":22,"column":14}},{"start":{"line":22,"column":18},"end":{"line":22,"column":45}}]},"5":{"line":27,"type":"if","locations":[{"start":{"line":27,"column":4},"end":{"line":27,"column":4}},{"start":{"line":27,"column":4},"end":{"line":27,"column":4}}]}},"code":["\"use strict\";","","module.exports = exports = reveal;","","exports.usage = 'Reveals data on the versioned binary';","","var fs = require('fs');","var versioning = require('./util/versioning.js');","","function unix_paths(key, val) {","    return val && val.replace ? val.replace(/\\\\/g, '/') : val;","}","","function reveal(gyp, argv, callback) {","    var package_json = JSON.parse(fs.readFileSync('./package.json'));","    var opts = versioning.evaluate(package_json, gyp.opts);","    var hit = false;","    // if a second arg is passed look to see","    // if it is a known option","    //console.log(JSON.stringify(gyp.opts,null,1))","    var remain = gyp.opts.argv.remain.pop();","    if (remain && opts.hasOwnProperty(remain)) {","        console.log(opts[remain].replace(/\\\\/g, '/'));","        hit = true;","    }","    // otherwise return all options as json","    if (!hit) {","        console.log(JSON.stringify(opts,unix_paths,2));","    }","    return callback();","}",""],"l":{"3":1,"5":1,"7":1,"8":1,"10":1,"11":0,"14":1,"15":0,"16":0,"17":0,"21":0,"22":0,"23":0,"24":0,"27":0,"28":0,"30":0}},"/home/travis/build/npmtest/node-npmtest-node-pre-gyp/node_modules/node-pre-gyp/lib/testpackage.js":{"path":"/home/travis/build/npmtest/node-npmtest-node-pre-gyp/node_modules/node-pre-gyp/lib/testpackage.js","s":{"1":1,"2":1,"3":1,"4":1,"5":1,"6":1,"7":1,"8":1,"9":1,"10":1,"11":1,"12":0,"13":0,"14":0,"15":0,"16":0,"17":0,"18":0,"19":0,"20":0,"21":1,"22":0,"23":0,"24":0,"25":0,"26":0,"27":0,"28":0,"29":0,"30":0,"31":0,"32":0,"33":0,"34":0,"35":0},"b":{"1":[1,0],"2":[0,0],"3":[0,0],"4":[0,0]},"f":{"1":0,"2":0,"3":0,"4":0,"5":0},"fnMap":{"1":{"name":"testpackage","line":16,"loc":{"start":{"line":16,"column":0},"end":{"line":16,"column":42}}},"2":{"name":"(anonymous_2)","line":20,"loc":{"start":{"line":20,"column":25},"end":{"line":20,"column":41}}},"3":{"name":"filter_func","line":27,"loc":{"start":{"line":27,"column":8},"end":{"line":27,"column":36}}},"4":{"name":"(anonymous_4)","line":36,"loc":{"start":{"line":36,"column":28},"end":{"line":36,"column":42}}},"5":{"name":"(anonymous_5)","line":38,"loc":{"start":{"line":38,"column":32},"end":{"line":38,"column":46}}}},"statementMap":{"1":{"start":{"line":3,"column":0},"end":{"line":3,"column":39}},"2":{"start":{"line":5,"column":0},"end":{"line":5,"column":57}},"3":{"start":{"line":7,"column":0},"end":{"line":7,"column":23}},"4":{"start":{"line":8,"column":0},"end":{"line":8,"column":27}},"5":{"start":{"line":9,"column":0},"end":{"line":9,"column":28}},"6":{"start":{"line":10,"column":0},"end":{"line":10,"column":43}},"7":{"start":{"line":11,"column":0},"end":{"line":11,"column":49}},"8":{"start":{"line":12,"column":0},"end":{"line":12,"column":44}},"9":{"start":{"line":13,"column":0},"end":{"line":13,"column":42}},"10":{"start":{"line":14,"column":0},"end":{"line":14,"column":27}},"11":{"start":{"line":16,"column":0},"end":{"line":49,"column":1}},"12":{"start":{"line":17,"column":4},"end":{"line":17,"column":69}},"13":{"start":{"line":18,"column":4},"end":{"line":18,"column":59}},"14":{"start":{"line":19,"column":4},"end":{"line":19,"column":38}},"15":{"start":{"line":20,"column":4},"end":{"line":48,"column":7}},"16":{"start":{"line":21,"column":8},"end":{"line":23,"column":9}},"17":{"start":{"line":22,"column":12},"end":{"line":22,"column":128}},"18":{"start":{"line":24,"column":8},"end":{"line":24,"column":34}},"19":{"start":{"line":25,"column":8},"end":{"line":25,"column":41}},"20":{"start":{"line":26,"column":8},"end":{"line":26,"column":71}},"21":{"start":{"line":27,"column":8},"end":{"line":32,"column":9}},"22":{"start":{"line":30,"column":12},"end":{"line":30,"column":78}},"23":{"start":{"line":31,"column":12},"end":{"line":31,"column":58}},"24":{"start":{"line":33,"column":8},"end":{"line":33,"column":37}},"25":{"start":{"line":34,"column":8},"end":{"line":34,"column":40}},"26":{"start":{"line":35,"column":8},"end":{"line":35,"column":43}},"27":{"start":{"line":36,"column":8},"end":{"line":46,"column":11}},"28":{"start":{"line":37,"column":12},"end":{"line":37,"column":42}},"29":{"start":{"line":37,"column":21},"end":{"line":37,"column":42}},"30":{"start":{"line":38,"column":12},"end":{"line":45,"column":15}},"31":{"start":{"line":39,"column":16},"end":{"line":44,"column":17}},"32":{"start":{"line":40,"column":20},"end":{"line":40,"column":41}},"33":{"start":{"line":42,"column":20},"end":{"line":42,"column":81}},"34":{"start":{"line":43,"column":20},"end":{"line":43,"column":38}},"35":{"start":{"line":47,"column":8},"end":{"line":47,"column":51}}},"branchMap":{"1":{"line":10,"type":"binary-expr","locations":[{"start":{"line":10,"column":18},"end":{"line":10,"column":27}},{"start":{"line":10,"column":31},"end":{"line":10,"column":42}}]},"2":{"line":21,"type":"if","locations":[{"start":{"line":21,"column":8},"end":{"line":21,"column":8}},{"start":{"line":21,"column":8},"end":{"line":21,"column":8}}]},"3":{"line":37,"type":"if","locations":[{"start":{"line":37,"column":12},"end":{"line":37,"column":12}},{"start":{"line":37,"column":12},"end":{"line":37,"column":12}}]},"4":{"line":39,"type":"if","locations":[{"start":{"line":39,"column":16},"end":{"line":39,"column":16}},{"start":{"line":39,"column":16},"end":{"line":39,"column":16}}]}},"code":["\"use strict\";","","module.exports = exports = testpackage;","","exports.usage = 'Tests that the staged package is valid';","","var fs = require('fs');","var path = require('path');","var log = require('npmlog');","var existsAsync = fs.exists || path.exists;","var versioning = require('./util/versioning.js');","var testbinary = require('./testbinary.js');","var read = require('fs').createReadStream;","var zlib = require('zlib');","","function testpackage(gyp, argv, callback) {","    var package_json = JSON.parse(fs.readFileSync('./package.json'));","    var opts = versioning.evaluate(package_json, gyp.opts);","    var tarball = opts.staged_tarball;","    existsAsync(tarball, function(found) {","        if (!found) {","            return callback(new Error(\"Cannot test package because \" + tarball + \" missing: run `node-pre-gyp package` first\"));","        }","        var to = opts.module_path;","        var gunzip = zlib.createGunzip();","        var extracter = require('tar').Extract({ path: to, strip: 1 });","        function filter_func(entry) {","            // ensure directories are +x","            // https://github.com/mapnik/node-mapnik/issues/262","            entry.props.mode |= (entry.props.mode >>> 2) & parseInt('0111',8);","            log.info('install','unpacking ' + entry.path);","        }","        gunzip.on('error', callback);","        extracter.on('error', callback);","        extracter.on('entry', filter_func);","        extracter.on('end', function(err) {","            if (err) return callback(err);","            testbinary(gyp,argv,function(err) {","                if (err) {","                    return callback(err);","                } else {","                    console.log('['+package_json.name+'] Package appears valid');","                    return callback();","                }","            });","        });","        read(tarball).pipe(gunzip).pipe(extracter);","    });","}",""],"l":{"3":1,"5":1,"7":1,"8":1,"9":1,"10":1,"11":1,"12":1,"13":1,"14":1,"16":1,"17":0,"18":0,"19":0,"20":0,"21":0,"22":0,"24":0,"25":0,"26":0,"27":1,"30":0,"31":0,"33":0,"34":0,"35":0,"36":0,"37":0,"38":0,"39":0,"40":0,"42":0,"43":0,"47":0}},"/home/travis/build/npmtest/node-npmtest-node-pre-gyp/node_modules/node-pre-gyp/lib/unpublish.js":{"path":"/home/travis/build/npmtest/node-npmtest-node-pre-gyp/node_modules/node-pre-gyp/lib/unpublish.js","s":{"1":1,"2":1,"3":1,"4":1,"5":1,"6":1,"7":1,"8":1,"9":1,"10":0,"11":0,"12":0,"13":0,"14":0,"15":0,"16":0,"17":0,"18":0,"19":0,"20":0,"21":0,"22":0,"23":0,"24":0,"25":0,"26":0,"27":0,"28":0,"29":0,"30":0},"b":{"1":[0,0],"2":[0,0],"3":[0,0],"4":[0,0]},"f":{"1":0,"2":0,"3":0},"fnMap":{"1":{"name":"unpublish","line":14,"loc":{"start":{"line":14,"column":0},"end":{"line":14,"column":40}}},"2":{"name":"(anonymous_2)","line":25,"loc":{"start":{"line":25,"column":27},"end":{"line":25,"column":47}}},"3":{"name":"(anonymous_3)","line":33,"loc":{"start":{"line":33,"column":37},"end":{"line":33,"column":57}}}},"statementMap":{"1":{"start":{"line":3,"column":0},"end":{"line":3,"column":37}},"2":{"start":{"line":5,"column":0},"end":{"line":5,"column":66}},"3":{"start":{"line":7,"column":0},"end":{"line":7,"column":23}},"4":{"start":{"line":8,"column":0},"end":{"line":8,"column":28}},"5":{"start":{"line":9,"column":0},"end":{"line":9,"column":49}},"6":{"start":{"line":10,"column":0},"end":{"line":10,"column":45}},"7":{"start":{"line":11,"column":0},"end":{"line":11,"column":25}},"8":{"start":{"line":12,"column":0},"end":{"line":12,"column":63}},"9":{"start":{"line":14,"column":0},"end":{"line":41,"column":1}},"10":{"start":{"line":15,"column":4},"end":{"line":15,"column":33}},"11":{"start":{"line":16,"column":4},"end":{"line":16,"column":69}},"12":{"start":{"line":17,"column":4},"end":{"line":17,"column":59}},"13":{"start":{"line":18,"column":4},"end":{"line":18,"column":45}},"14":{"start":{"line":19,"column":4},"end":{"line":19,"column":30}},"15":{"start":{"line":20,"column":4},"end":{"line":20,"column":64}},"16":{"start":{"line":21,"column":4},"end":{"line":21,"column":27}},"17":{"start":{"line":22,"column":4},"end":{"line":24,"column":20}},"18":{"start":{"line":25,"column":4},"end":{"line":40,"column":7}},"19":{"start":{"line":26,"column":8},"end":{"line":39,"column":9}},"20":{"start":{"line":27,"column":12},"end":{"line":27,"column":125}},"21":{"start":{"line":28,"column":12},"end":{"line":28,"column":30}},"22":{"start":{"line":29,"column":15},"end":{"line":39,"column":9}},"23":{"start":{"line":30,"column":12},"end":{"line":30,"column":33}},"24":{"start":{"line":32,"column":12},"end":{"line":32,"column":56}},"25":{"start":{"line":33,"column":12},"end":{"line":38,"column":15}},"26":{"start":{"line":34,"column":16},"end":{"line":34,"column":46}},"27":{"start":{"line":34,"column":25},"end":{"line":34,"column":46}},"28":{"start":{"line":35,"column":16},"end":{"line":35,"column":47}},"29":{"start":{"line":36,"column":16},"end":{"line":36,"column":135}},"30":{"start":{"line":37,"column":16},"end":{"line":37,"column":34}}},"branchMap":{"1":{"line":26,"type":"if","locations":[{"start":{"line":26,"column":8},"end":{"line":26,"column":8}},{"start":{"line":26,"column":8},"end":{"line":26,"column":8}}]},"2":{"line":26,"type":"binary-expr","locations":[{"start":{"line":26,"column":12},"end":{"line":26,"column":15}},{"start":{"line":26,"column":19},"end":{"line":26,"column":41}}]},"3":{"line":29,"type":"if","locations":[{"start":{"line":29,"column":15},"end":{"line":29,"column":15}},{"start":{"line":29,"column":15},"end":{"line":29,"column":15}}]},"4":{"line":34,"type":"if","locations":[{"start":{"line":34,"column":16},"end":{"line":34,"column":16}},{"start":{"line":34,"column":16},"end":{"line":34,"column":16}}]}},"code":["\"use strict\";","","module.exports = exports = unpublish;","","exports.usage = 'Unpublishes pre-built binary (requires aws-sdk)';","","var fs = require('fs');","var log = require('npmlog');","var versioning = require('./util/versioning.js');","var s3_setup = require('./util/s3_setup.js');","var url = require('url');","var config = require('rc')(\"node_pre_gyp\",{acl:\"public-read\"});","","function unpublish(gyp, argv, callback) {","    var AWS = require(\"aws-sdk\");","    var package_json = JSON.parse(fs.readFileSync('./package.json'));","    var opts = versioning.evaluate(package_json, gyp.opts);","    s3_setup.detect(opts.hosted_path,config);","    AWS.config.update(config);","    var key_name = url.resolve(config.prefix,opts.package_name);","    var s3 =  new AWS.S3();","    var s3_opts = {  Bucket: config.bucket,","                     Key: key_name","                  };","    s3.headObject(s3_opts, function(err, meta) {","        if (err && err.code == 'NotFound') {","            console.log('['+package_json.name+'] Not found: https://' + s3_opts.Bucket + '.s3.amazonaws.com/' + s3_opts.Key);","            return callback();","        } else if(err) {","            return callback(err);","        } else {","            log.info('unpublish', JSON.stringify(meta));","            s3.deleteObject(s3_opts, function(err, resp) {","                if (err) return callback(err);","                log.info(JSON.stringify(resp));","                console.log('['+package_json.name+'] Success: removed https://' + s3_opts.Bucket + '.s3.amazonaws.com/' + s3_opts.Key);","                return callback();","            });","        }","    });","}",""],"l":{"3":1,"5":1,"7":1,"8":1,"9":1,"10":1,"11":1,"12":1,"14":1,"15":0,"16":0,"17":0,"18":0,"19":0,"20":0,"21":0,"22":0,"25":0,"26":0,"27":0,"28":0,"29":0,"30":0,"32":0,"33":0,"34":0,"35":0,"36":0,"37":0}}}